1	24	0
1	2088	0
1	4152	0
1	4224	0
1	8320	0
1	12416	0
1	16512	0
1	20608	0
1	24704	0
1	28800	0
1	29832	0
1	30360	0
1	31392	0
1	31464	0
1	35560	0
1	35656	0
1	39752	0
1	43848	0
1	47944	0
1	52040	0
1	56136	0
1	60232	0
1	64328	0
1	68424	0
1	72520	0
1	72584	0
1	72648	0
1	72712	0
1	72776	0
1	72840	0
1	72904	0
1	72968	0
1	73032	0
1	73096	0
1	77192	0
1	77672	0
1	78152	0
1	78632	0
1	79112	0
1	79592	0
1	80072	0
1	80552	0
1	81032	0
1	81512	0
1	81992	0
1	82472	0
1	82952	0
1	83432	0
1	83912	0
1	84392	0
1	84872	0
1	85352	0
1	85832	0
1	86312	0
1	86792	0
1	87272	0
1	87752	0
1	88232	0
1	88712	0
1	89192	0
1	89672	0
1	90152	0
1	90632	0
1	91112	0
1	91592	0
1	92072	0
1	92552	0
1	93032	0
1	93512	0
1	93992	0
1	94472	0
1	94952	0
1	95432	0
1	95912	0
1	96392	0
1	96432	0
1	96472	0
1	96512	0
1	96552	0
1	100648	0
1	100688	0
1	100728	0
1	100768	0
1	100808	0
1	100848	0
1	100888	0
1	100928	0
1	100968	0
1	101008	0
1	101048	0
1	101088	0
1	101128	0
1	101168	0
1	101208	0
1	101248	0
1	101288	0
1	101328	0
1	101368	0
1	101408	0
1	101448	0
1	101488	0
1	101528	0
1	101568	0
1	101608	0
1	101648	0
1	101688	0
1	101728	0
1	101768	0
1	101808	0
1	101848	0
1	101888	0
1	101928	0
1	101968	0
1	102008	0
1	102048	0
1	102088	0
1	102128	0
1	102168	0
1	102208	0
1	102248	0
1	102288	0
1	102328	0
1	102368	0
1	102408	0
1	102448	0
1	102488	0
1	102528	0
1	102568	0
1	102608	0
1	102648	0
1	102688	0
1	102728	0
1	102768	0
1	102808	0
1	102848	0
1	102888	0
1	102928	0
1	102968	0
1	103008	0
1	103048	0
1	103088	0
1	103128	0
1	103168	0
1	103208	0
1	103248	0
1	103288	0
1	103328	0
1	103368	0
1	103408	0
1	103448	0
1	103488	0
1	103528	0
1	103568	0
1	103608	0
1	103648	0
1	103688	0
1	103728	0
1	103768	0
1	103808	0
1	103848	0
1	103888	0
1	103928	0
1	103968	0
1	104008	0
1	104048	0
1	104088	0
1	104128	0
1	104168	0
1	104208	0
1	104248	0
1	104288	0
1	104328	0
1	104368	0
1	104408	0
1	104448	0
1	104488	0
1	104528	0
1	104568	0
1	104608	0
1	104648	0
1	104688	0
1	104728	0
1	104768	0
1	104808	0
1	104848	0
1	104888	0
1	104928	0
1	104968	0
1	105008	0
1	105048	0
1	105088	0
1	105128	0
1	105168	0
1	105208	0
1	105248	0
1	105288	0
1	105328	0
1	105368	0
1	105408	0
1	105448	0
1	105488	0
1	105528	0
1	105568	0
1	105608	0
1	105648	0
1	105688	0
1	105728	0
1	105768	0
1	109864	0
1	109864	0
1	113960	0
1	118056	0
1	122152	0
1	126248	0
1	130344	0
1	134440	0
1	138536	0
1	142632	0
1	146728	0
1	146768	0
1	146808	0
1	146880	0
1	146928	0
1	155160	0
1	163392	0
1	163496	0
1	167592	0
1	171688	0
1	171784	0
1	175880	0
1	179976	0
1	184072	0
1	188168	0
1	192264	0
1	196360	0
1	200456	0
1	204552	0
1	208648	0
1	212744	0
1	216840	0
1	220936	0
1	225032	0
1	229128	0
1	233224	0
1	237320	0
1	241416	0
1	245512	0
1	249608	0
1	253704	0
1	257800	0
1	261896	0
1	265992	0
1	270088	0
1	274184	0
1	278280	0
1	282376	0
1	286472	0
1	290568	0
1	294664	0
1	298760	0
1	302856	0
1	306952	0
1	311048	0
1	315144	0
1	319240	0
1	323336	0
1	327432	0
1	331528	0
1	335624	0
1	339720	0
1	343816	0
1	347912	0
1	352008	0
1	356104	0
1	360200	0
1	364296	0
1	368392	0
1	372488	0
1	376584	0
1	380680	0
1	384776	0
1	388872	0
1	392968	0
1	397064	0
1	401160	0
1	405256	0
1	409352	0
1	413448	0
1	417544	0
1	421640	0
1	425736	0
1	429832	0
1	433928	0
1	438024	0
1	442120	0
1	446216	0
1	450312	0
1	454408	0
1	458504	0
1	462600	0
1	466696	0
1	470792	0
1	474888	0
1	478984	0
1	483080	0
1	487176	0
1	491272	0
1	495368	0
1	499464	0
1	503560	0
1	507656	0
1	511752	0
1	515848	0
1	519944	0
1	524040	0
1	528136	0
1	532232	0
1	536328	0
1	540424	0
1	544520	0
1	548616	0
1	552712	0
1	556808	0
1	560904	0
1	565000	0
1	569096	0
1	573192	0
1	577288	0
1	581384	0
1	585480	0
1	589576	0
1	593672	0
1	597768	0
1	601864	0
1	605960	0
1	610056	0
1	614152	0
1	618248	0
1	622344	0
1	626440	0
1	630536	0
1	634632	0
1	638728	0
1	638824	0
1	639008	0
1	639008	1
1	643104	1
1	638728	0
1	647200	0
1	638728	0
1	647384	0
1	638728	0
1	647568	0
1	638728	0
1	647752	0
1	647936	1
1	638728	0
1	652032	0
1	638728	0
1	652216	0
1	638728	0
1	652400	0
1	638728	0
1	652584	0
1	638728	0
1	652768	0
1	656864	0
1	656960	0
1	661056	0
1	665152	0
1	669248	0
1	673344	0
1	677440	0
1	681536	0
1	685632	0
1	689728	0
1	693824	0
1	697920	0
1	702016	0
1	706112	0
1	710208	0
1	714304	0
1	718400	0
1	722496	0
1	726592	0
1	730688	0
1	734784	0
1	738880	0
1	742976	0
1	747072	0
1	751168	0
1	755264	0
1	759360	0
1	763456	0
1	767552	0
1	771648	0
1	775744	0
1	779840	0
1	783936	0
1	788032	0
1	792128	0
1	796224	0
1	800320	0
1	804416	0
1	808512	0
1	812608	0
1	816704	0
1	820800	0
1	824896	0
1	828992	0
1	833088	0
1	837184	0
1	841280	0
1	845376	0
1	849472	0
1	853568	0
1	792128	0
1	845376	0
1	857664	0
1	861760	0
1	865856	0
1	869952	0
1	874048	0
1	878144	0
1	652768	0
1	656960	0
1	656960	0
1	661056	0
1	665152	0
1	669248	0
1	673344	0
1	677440	0
1	681536	0
1	689728	0
1	661056	0
1	665152	0
1	669248	0
1	665152	0
1	669248	0
1	673344	0
1	673344	0
1	677440	0
1	681536	0
1	693824	0
1	697920	0
1	681536	0
1	693824	0
1	693824	0
1	697920	0
1	693824	0
1	697920	0
1	702016	0
1	706112	0
1	706208	0
1	706392	1
1	710488	1
1	714584	1
1	718680	1
1	722776	1
1	702016	0
1	706392	1
1	706112	0
1	710488	0
1	710672	1
1	706112	0
1	714768	0
1	706112	0
1	714952	0
1	715136	1
1	719232	1
1	723328	1
1	727424	1
1	731520	1
1	731520	1
1	735616	1
1	739712	1
1	743808	1
1	706112	0
1	747904	0
1	752000	0
1	752096	0
1	756192	0
1	760288	0
1	764384	0
1	764480	0
1	764664	1
1	768760	1
1	772856	1
1	776952	1
1	764384	0
1	781048	0
1	781232	1
1	785328	1
1	789424	1
1	793520	1
1	797616	1
1	801712	1
1	805808	1
1	809904	1
1	814000	1
1	710672	0
1	715136	0
1	719232	0
1	723328	0
1	715136	0
1	719232	0
1	723328	0
1	719232	0
1	723328	0
1	727424	0
1	723328	0
1	727424	0
1	731520	0
1	735616	0
1	727424	0
1	731520	0
1	735616	0
1	735712	0
1	735896	1
1	739992	1
1	744088	1
1	752096	2
1	756192	2
1	760288	2
1	764664	3
1	772856	3
1	776952	3
1	731520	0
1	735896	1
1	739992	1
1	744088	1
1	752096	2
1	735896	1
1	739992	1
1	735616	0
1	744088	0
1	744272	1
1	735616	0
1	748368	0
1	752096	2
1	735616	0
1	748552	0
1	735616	0
1	748736	0
1	756192	2
1	760288	2
1	764664	3
1	772856	3
1	781232	3
1	781232	3
1	785328	3
1	789424	3
1	793520	3
1	785328	3
1	797616	3
1	801712	3
1	805808	3
1	809904	3
1	818096	3
1	822192	3
1	735616	0
1	748920	0
1	735616	0
1	749104	0
1	826288	3
1	830384	3
1	735616	0
1	749288	0
1	834480	3
1	838576	3
1	818096	3
1	842672	3
1	846768	3
1	850864	3
1	854960	3
1	882240	4
1	886336	4
1	890432	4
1	894528	4
1	898624	4
1	902720	4
1	906816	4
1	910912	4
1	915008	4
1	919104	4
1	923200	4
1	927296	4
1	932800	4
1	936896	4
1	735616	0
1	749472	0
1	940992	4
1	735616	0
1	749656	0
1	735616	0
1	945088	3
1	949184	3
1	953280	3
1	957376	3
1	961472	3
1	749840	0
1	749936	0
1	923200	4
1	949184	4
1	965568	4
1	969664	4
1	973760	4
1	977856	4
1	981952	4
1	986048	4
1	990144	4
1	986048	4
1	994240	4
1	998336	4
1	973760	4
1	1002432	4
1	973760	4
1	1006528	4
1	1010624	4
1	973760	4
1	1014720	4
1	973760	4
1	1018816	4
1	1022912	4
1	973760	4
1	1027008	4
1	1031104	4
1	1027008	4
1	1027008	4
1	1035200	4
1	1027008	4
1	1039296	4
1	1043392	4
1	1047488	4
1	1027008	4
1	1051584	4
1	1027008	4
1	1055680	4
1	1027008	4
1	1059776	4
1	1063872	4
1	1067968	4
1	1027008	4
1	1027008	4
1	1027008	4
1	1027008	4
1	1072064	4
1	1076160	4
1	1027008	4
1	1027008	4
1	1080256	4
1	1091136	4
1	1027008	4
1	1095232	4
1	1099328	4
1	1103424	4
1	1107520	4
1	1111616	4
1	1115712	4
1	797616	3
1	818096	3
1	846768	3
1	850864	3
1	846768	3
1	846768	3
1	910912	4
1	749840	0
1	750120	0
1	910912	4
1	1095232	4
1	1119808	4
1	1123904	4
1	1128000	4
1	1132096	4
1	1136192	4
1	1140288	4
1	1144384	4
1	1148480	4
1	1152576	4
1	1156672	4
1	1160768	4
1	744272	0
1	749840	0
1	750304	0
1	752096	2
1	749840	0
1	750488	0
1	756192	2
1	760288	2
1	764664	3
1	772856	3
1	781232	3
1	785328	3
1	789424	3
1	793520	3
1	797616	3
1	785328	3
1	749840	0
1	750672	0
1	801712	3
1	805808	3
1	809904	3
1	818096	3
1	822192	3
1	809904	3
1	809904	3
1	826288	3
1	830384	3
1	834480	3
1	826288	3
1	838576	3
1	842672	3
1	846768	3
1	749840	0
1	750856	0
1	850864	3
1	854960	3
1	882240	4
1	886336	4
1	850864	3
1	890432	4
1	850864	3
1	894528	4
1	850864	3
1	898624	4
1	850864	3
1	906816	4
1	850864	3
1	910912	4
1	915008	4
1	919104	4
1	923200	4
1	850864	3
1	749840	0
1	751040	0
1	749840	0
1	751224	0
1	919104	4
1	927296	4
1	932800	4
1	936896	4
1	940992	4
1	945088	4
1	940992	4
1	949184	4
1	749840	0
1	953280	3
1	957376	3
1	961472	3
1	965568	3
1	940992	3
1	969664	3
1	973760	3
1	977856	3
1	981952	3
1	986048	3
1	990144	3
1	994240	3
1	751408	0
1	751504	0
1	998336	4
1	1002432	4
1	1006528	4
1	1002432	4
1	1010624	4
1	919104	4
1	826288	3
1	919104	4
1	940992	4
1	977856	4
1	1014720	4
1	1018816	4
1	1022912	4
1	1027008	4
1	1031104	4
1	1035200	4
1	1039296	4
1	744272	0
1	752096	2
1	751408	0
1	751688	0
1	756192	2
1	752096	2
1	756192	2
1	760288	2
1	751408	0
1	764664	2
1	772856	4
1	781232	4
1	785328	4
1	789424	4
1	793520	4
1	797616	4
1	801712	4
1	805808	4
1	772856	4
1	781232	4
1	785328	4
1	789424	4
1	793520	4
1	797616	4
1	789424	4
1	801712	4
1	809904	4
1	801712	4
1	818096	4
1	822192	4
1	826288	4
1	818096	4
1	834480	4
1	772856	4
1	781232	4
1	751408	0
1	764848	2
1	785328	4
1	789424	4
1	793520	4
1	797616	4
1	785328	4
1	751408	0
1	765032	2
1	789424	4
1	793520	4
1	797616	4
1	789424	4
1	793520	4
1	751408	0
1	765216	2
1	797616	4
1	801712	4
1	809904	4
1	818096	4
1	793520	4
1	797616	4
1	801712	4
1	801712	4
1	809904	4
1	809904	4
1	818096	4
1	822192	4
1	818096	4
1	822192	4
1	826288	4
1	834480	4
1	838576	4
1	842672	4
1	846768	4
1	834480	4
1	838576	4
1	842672	4
1	838576	4
1	842672	4
1	846768	4
1	842672	4
1	846768	4
1	850864	4
1	846768	4
1	850864	4
1	854960	4
1	882240	5
1	850864	4
1	854960	4
1	882240	5
1	886336	5
1	890432	5
1	894528	5
1	898624	5
1	906816	5
1	910912	5
1	915008	5
1	919104	5
1	923200	5
1	927296	5
1	931392	5
1	935488	5
1	939584	5
1	943680	5
1	947776	5
1	951872	5
1	955968	5
1	960064	5
1	964160	5
1	968256	5
1	972352	5
1	976448	5
1	980544	5
1	984640	5
1	988736	5
1	992832	5
1	996928	5
1	1001024	5
1	1005120	5
1	1009216	5
1	1013312	5
1	1017408	5
1	1021504	5
1	1025600	5
1	1029696	5
1	1043392	6
1	1047488	6
1	1051584	6
1	1055680	6
1	1063872	6
1	1067968	6
1	1072064	6
1	1076160	6
1	1081664	6
1	1085760	6
1	1089856	6
1	1093952	6
1	1098048	6
1	1102144	6
1	1106240	6
1	1110336	6
1	1114432	6
1	1118528	6
1	1122624	6
1	1126720	6
1	1130816	6
1	1134912	6
1	1139008	6
1	1143104	6
1	1147200	6
1	1164864	7
1	1168960	7
1	1173056	7
1	1177152	7
1	1181248	7
1	1185344	7
1	1189440	7
1	1193536	7
1	1197632	7
1	1201728	7
1	1205824	7
1	1209920	7
1	1214016	7
1	1218112	7
1	1222208	7
1	1226304	7
1	1230400	7
1	1234496	7
1	1238592	7
1	1242688	7
1	1246784	7
1	1250880	7
1	1254976	7
1	1259072	7
1	1263168	7
1	1267264	7
1	1271360	7
1	1275456	7
1	1279552	7
1	1283648	7
1	1287744	7
1	1291840	7
1	1295936	7
1	1300032	7
1	1304128	7
1	1308224	7
1	1312320	7
1	1316416	7
1	1320512	7
1	1324608	7
1	1328704	7
1	1332800	7
1	1336896	7
1	1340992	7
1	1345088	7
1	854960	4
1	882240	5
1	751408	0
1	765400	2
1	886336	5
1	890432	5
1	894528	5
1	898624	5
1	906816	5
1	910912	5
1	915008	5
1	886336	5
1	890432	5
1	894528	5
1	751408	0
1	765584	2
1	898624	4
1	751408	0
1	765768	2
1	751408	0
1	765952	2
1	906816	5
1	751408	0
1	766136	2
1	910912	5
1	915008	5
1	919104	5
1	923200	5
1	927296	5
1	931392	5
1	935488	5
1	894528	5
1	898624	5
1	906816	5
1	910912	5
1	898624	5
1	906816	5
1	910912	5
1	915008	5
1	751408	0
1	766320	2
1	910912	5
1	915008	5
1	751408	0
1	766504	2
1	919104	5
1	751408	0
1	766688	2
1	923200	5
1	927296	5
1	931392	5
1	939584	5
1	943680	5
1	947776	5
1	951872	5
1	955968	5
1	960064	5
1	964160	5
1	968256	5
1	972352	5
1	976448	5
1	980544	5
1	984640	5
1	988736	5
1	915008	5
1	751408	0
1	766872	2
1	919104	5
1	751408	0
1	767056	2
1	751408	0
1	767240	2
1	751408	0
1	767424	2
1	923200	5
1	927296	5
1	931392	5
1	939584	5
1	943680	5
1	751408	0
1	767608	2
1	947776	4
1	951872	5
1	751408	0
1	767792	2
1	955968	5
1	960064	5
1	964160	5
1	968256	5
1	972352	5
1	976448	5
1	980544	5
1	984640	5
1	992832	5
1	996928	5
1	1001024	5
1	1005120	5
1	980544	5
1	1001024	5
1	1009216	5
1	1013312	5
1	1017408	5
1	1021504	5
1	1025600	5
1	1029696	5
1	1043392	6
1	1047488	6
1	1051584	6
1	1055680	6
1	1063872	6
1	980544	5
1	1055680	6
1	1067968	6
1	1072064	6
1	1076160	6
1	919104	5
1	923200	5
1	923200	5
1	927296	5
1	751408	0
1	767976	2
1	931392	5
1	943680	5
1	947776	5
1	951872	5
1	955968	5
1	927296	5
1	931392	5
1	943680	5
1	943680	5
1	751408	0
1	768160	2
1	751408	0
1	768344	2
1	947776	5
1	751408	0
1	768528	2
1	951872	5
1	955968	5
1	960064	5
1	751408	0
1	859056	3
1	964160	5
1	968256	5
1	972352	5
1	976448	5
1	947776	5
1	951872	5
1	751408	0
1	859240	3
1	751408	0
1	859424	3
1	955968	5
1	751408	0
1	859608	3
1	960064	5
1	751408	0
1	859792	3
1	751408	0
1	859976	3
1	964160	5
1	751408	0
1	860160	3
1	751408	0
1	860344	3
1	751408	0
1	860528	3
1	751408	0
1	860712	3
1	751408	0
1	860896	3
1	751408	0
1	861080	3
1	968256	5
1	972352	5
1	751408	0
1	861264	3
1	976448	5
1	980544	5
1	984640	5
1	751408	0
1	861448	3
1	992832	5
1	996928	5
1	1001024	5
1	1005120	5
1	1009216	5
1	1013312	5
1	1017408	5
1	1021504	5
1	751408	0
1	1025600	4
1	1043392	7
1	1047488	7
1	1051584	7
1	1055680	7
1	1063872	7
1	1067968	7
1	751408	0
1	1025784	4
1	1072064	7
1	1080256	7
1	1084352	7
1	1088448	7
1	1092544	7
1	1096640	7
1	1100736	7
1	1104832	7
1	1108928	7
1	1113024	7
1	1117120	7
1	1121216	7
1	1126720	7
1	1130816	7
1	1134912	7
1	1139008	7
1	1143104	7
1	1113024	7
1	1147200	7
1	1164864	8
1	1168960	8
1	1173056	8
1	751408	0
1	1025968	4
1	1177152	8
1	1181248	8
1	1185344	8
1	1189440	8
1	1193536	8
1	1197632	8
1	1201728	8
1	1205824	8
1	1209920	8
1	1214016	8
1	1218112	8
1	1222208	8
1	1226304	8
1	1230400	8
1	1234496	8
1	751408	0
1	1026152	4
1	751408	0
1	1026336	4
1	1238592	8
1	1242688	8
1	1246784	8
1	1250880	8
1	1254976	8
1	1250880	8
1	1259072	8
1	1269952	8
1	1274048	8
1	1278144	8
1	1274048	8
1	1282240	8
1	1274048	8
1	1286336	8
1	1290432	8
1	1286336	8
1	1294528	8
1	1298624	8
1	1302720	8
1	751408	0
1	1026520	4
1	1306816	7
1	1310912	8
1	1320512	9
1	1324608	9
1	1328704	9
1	1332800	9
1	1324608	9
1	1336896	9
1	1340992	9
1	1336896	9
1	1349184	9
1	1353280	9
1	1349184	9
1	1357376	9
1	1361472	9
1	751408	0
1	1026704	4
1	1365568	9
1	1369664	9
1	1373760	9
1	1365568	9
1	1377856	9
1	1365568	9
1	1365568	9
1	1381952	9
1	1386048	9
1	1390144	9
1	1394240	9
1	1398336	9
1	1402432	9
1	1406528	9
1	1410624	9
1	1406528	9
1	1414720	9
1	1418816	9
1	751408	0
1	1026888	4
1	1422912	9
1	1427008	9
1	1431104	9
1	1435200	9
1	1439296	9
1	1443392	9
1	1447488	9
1	1451584	9
1	1455680	9
1	1451584	9
1	1459776	9
1	1463872	9
1	1467968	9
1	1472064	9
1	1476160	9
1	1467968	9
1	751408	0
1	1027072	4
1	1480256	9
1	1484352	9
1	1488448	9
1	1492544	9
1	1496640	9
1	1500736	9
1	1504832	9
1	751408	0
1	1027256	4
1	1508928	8
1	1513024	9
1	1517120	9
1	1521216	9
1	751408	0
1	1027440	4
1	1525312	9
1	1529408	9
1	1533504	9
1	1537600	9
1	1541696	9
1	1545792	9
1	1549888	9
1	1553984	9
1	1558080	9
1	1562176	9
1	1414720	9
1	1566272	9
1	1570368	9
1	1575816	9
1	1579912	9
1	1584008	9
1	1589456	9
1	1594904	9
1	1600352	9
1	1604448	9
1	1608544	9
1	1612640	9
1	1616736	9
1	1620832	9
1	1624928	9
1	1629024	9
1	1633120	9
1	1637216	9
1	1641312	9
1	1645408	9
1	1649504	9
1	1653600	9
1	1657696	9
1	1661792	9
1	1665888	9
1	951872	5
1	960064	5
1	964160	5
1	968256	5
1	972352	5
1	976448	5
1	968256	5
1	751408	0
1	972352	4
1	972536	5
1	976632	5
1	980728	5
1	992832	6
1	751408	0
1	984824	4
1	996928	6
1	1001024	6
1	1001024	6
1	1005120	6
1	751408	0
1	985008	4
1	1009216	6
1	1013312	6
1	1017408	6
1	1021504	6
1	1043392	8
1	968256	5
1	751408	0
1	972536	4
1	972720	5
1	751408	0
1	976816	4
1	751408	0
1	977000	4
1	751408	0
1	977184	4
1	751408	0
1	977368	4
1	751408	0
1	977552	4
1	977736	5
1	992832	7
1	996928	7
1	1001024	7
1	751408	0
1	981832	4
1	1005120	7
1	1009216	7
1	1009216	7
1	1013312	7
1	1017408	7
1	1021504	7
1	751408	0
1	982016	4
1	1047488	9
1	1051584	9
1	1055680	9
1	1063872	9
1	1067968	9
1	1072064	9
1	972720	5
1	977736	5
1	751408	0
1	982200	4
1	992832	7
1	996928	7
1	1001024	7
1	1005120	7
1	1009216	7
1	1013312	7
1	1017408	7
1	977736	5
1	992832	7
1	751408	0
1	982384	4
1	751408	0
1	982568	4
1	996928	7
1	1001024	7
1	1005120	7
1	1009216	7
1	1013312	7
1	1021504	7
1	977736	5
1	992832	7
1	996928	7
1	751408	0
1	982752	4
1	1001024	7
1	1005120	7
1	1009216	7
1	1013312	7
1	1021504	7
1	1047488	9
1	1001024	7
1	1005120	7
1	1009216	7
1	1013312	7
1	1021504	7
1	1005120	7
1	1009216	7
1	1013312	7
1	1009216	7
1	1013312	7
1	751408	0
1	982936	4
1	1047488	9
1	1051584	9
1	1055680	9
1	1063872	9
1	1067968	9
1	1080256	9
1	751408	0
1	983120	4
1	1084352	9
1	1088448	9
1	1092544	9
1	1096640	9
1	1104832	9
1	1108928	9
1	1113024	9
1	1117120	9
1	1121216	9
1	1125312	9
1	1117120	9
1	1129408	9
1	1133504	9
1	1137600	9
1	1141696	9
1	751408	0
1	983304	4
1	1129408	9
1	1145792	9
1	1164864	10
1	1168960	10
1	751408	0
1	983488	4
1	1173056	10
1	1177152	10
1	751408	0
1	983672	4
1	1181248	10
1	1185344	10
1	1189440	10
1	751408	0
1	983856	4
1	1193536	10
1	1197632	10
1	1201728	10
1	751408	0
1	984040	4
1	1205824	9
1	1209920	10
1	1214016	10
1	1219520	10
1	1223616	10
1	1227712	10
1	1231808	10
1	1235904	10
1	1240000	10
1	1244096	10
1	1248192	10
1	1252288	10
1	751408	0
1	984224	4
1	1256384	10
1	1260480	10
1	1244096	10
1	1264576	10
1	1268672	10
1	1272768	10
1	1276864	10
1	1280960	10
1	751408	0
1	984408	4
1	1285056	10
1	1272768	10
1	1289152	10
1	1293248	10
1	1297344	10
1	1301440	10
1	1305536	10
1	1309632	10
1	1320512	11
1	1324608	11
1	1013312	7
1	1047488	9
1	1051584	9
1	1055680	9
1	1051584	9
1	751408	0
1	984592	4
1	1055680	9
1	1063872	9
1	1067968	9
1	1080256	9
1	1055680	9
1	1063872	9
1	1067968	9
1	751408	0
1	985192	5
1	751408	0
1	985376	5
1	751408	0
1	985560	5
1	751408	0
1	985744	5
1	751408	0
1	985928	5
1	751408	0
1	986112	5
1	1080256	9
1	751408	0
1	986296	5
1	1084352	9
1	751408	0
1	986480	5
1	1088448	9
1	1092544	9
1	1096640	9
1	1108928	9
1	1113024	9
1	751408	0
1	986664	5
1	1117120	9
1	1121216	9
1	1125312	9
1	1129408	9
1	1133504	9
1	1137600	9
1	1141696	9
1	1145792	9
1	1164864	10
1	1168960	10
1	1173056	10
1	1177152	10
1	1063872	9
1	1067968	9
1	1080256	9
1	1084352	9
1	1088448	9
1	1088448	9
1	1092544	9
1	1096640	9
1	1108928	9
1	1113024	9
1	1117120	9
1	1121216	9
1	1067968	9
1	1080256	9
1	1084352	9
1	1088448	9
1	1092544	9
1	1096640	9
1	1108928	9
1	1113024	9
1	1117120	9
1	1125312	9
1	1117120	9
1	1129408	9
1	1133504	9
1	1137600	9
1	1141696	9
1	1145792	9
1	1164864	10
1	1168960	10
1	1173056	10
1	1181248	10
1	1185344	10
1	1189440	10
1	1189440	10
1	1193536	10
1	1197632	10
1	1201728	10
1	1205824	10
1	1209920	10
1	1084352	9
1	1084352	9
1	1088448	9
1	751408	0
1	986848	5
1	751408	0
1	987032	5
1	1092544	9
1	751408	0
1	987216	5
1	751408	0
1	987400	5
1	751408	0
1	987584	5
1	751408	0
1	987768	5
1	1096640	9
1	1108928	9
1	751408	0
1	987952	5
1	1113024	9
1	1117120	9
1	1125312	9
1	1129408	9
1	1133504	9
1	1137600	9
1	1141696	9
1	1145792	9
1	1164864	10
1	1168960	10
1	751408	0
1	988136	5
1	1173056	10
1	1181248	10
1	1185344	10
1	1189440	10
1	1197632	10
1	1189440	10
1	1189440	10
1	1189440	10
1	1189440	10
1	1201728	10
1	1189440	10
1	1205824	10
1	1209920	10
1	751408	0
1	988320	5
1	1214016	10
1	1218112	10
1	1222208	10
1	1226304	10
1	1230400	10
1	1234496	10
1	1238592	10
1	1242688	10
1	1246784	10
1	1250880	10
1	1254976	10
1	1259072	10
1	1263168	10
1	1267264	10
1	1238592	10
1	1238592	10
1	751408	0
1	988504	5
1	1267264	10
1	1271360	10
1	1280960	11
1	1285056	11
1	1289152	11
1	1293248	11
1	1297344	11
1	1301440	11
1	1305536	11
1	1309632	11
1	1332800	12
1	1092544	9
1	1096640	9
1	751408	0
1	1027624	6
1	751408	0
1	1027808	6
1	751408	0
1	1027992	6
1	751408	0
1	1028176	6
1	1108928	9
1	1113024	9
1	751408	0
1	1028360	6
1	1117120	9
1	1125312	9
1	1129408	9
1	1133504	9
1	1137600	9
1	1141696	9
1	1145792	9
1	1164864	10
1	751408	0
1	1028544	6
1	1168960	10
1	1173056	10
1	1181248	10
1	1185344	10
1	1189440	10
1	1197632	10
1	1201728	10
1	1096640	9
1	1108928	9
1	751408	0
1	1028728	6
1	1113024	9
1	1117120	9
1	1125312	9
1	1129408	9
1	1133504	9
1	1141696	9
1	1145792	9
1	1164864	10
1	1113024	9
1	1125312	9
1	751408	0
1	1028912	6
1	1129408	9
1	1133504	9
1	1141696	9
1	1145792	9
1	1125312	9
1	751408	0
1	1029096	6
1	1133504	9
1	1141696	9
1	1145792	9
1	1164864	10
1	1168960	10
1	1173056	10
1	1133504	9
1	1141696	9
1	1145792	9
1	1164864	10
1	1168960	10
1	1173056	10
1	1181248	10
1	1185344	10
1	1189440	10
1	1197632	10
1	1201728	10
1	1205824	10
1	1209920	10
1	1214016	10
1	1218112	10
1	1222208	10
1	1226304	10
1	1230400	10
1	1234496	10
1	1238592	10
1	1242688	10
1	751408	0
1	1029280	6
1	751408	0
1	1029464	6
1	1246784	10
1	751408	0
1	1033792	7
1	751408	0
1	1033976	7
1	1250880	10
1	751408	0
1	1034160	7
1	1034344	7
1	1034488	7
1	1254976	9
1	751872	0
1	751920	0
1	1034488	7
1	751408	0
1	1034344	7
1	1254976	10
1	751408	0
1	1034528	7
1	1034712	7
1	1034856	7
1	1263168	9
1	751872	0
1	1034856	7
1	1034856	7
1	751920	0
1	1034856	7
1	764384	1
1	1267264	9
1	1034856	7
1	1263168	10
1	751408	0
1	1034712	7
1	1267264	9
1	751408	0
1	1034896	7
1	1271360	9
1	1271360	10
1	1280960	11
1	1285056	11
1	1289152	11
1	1293248	11
1	1297344	11
1	751408	0
1	1149888	8
1	1301440	11
1	751408	0
1	1150072	8
1	1305536	10
1	751408	0
1	1150256	8
1	751408	0
1	1150440	8
1	751408	0
1	1150624	8
1	751408	0
1	1150808	8
1	751408	0
1	1150992	8
1	751408	0
1	1151176	8
1	751408	0
1	1151360	8
1	751408	0
1	1151544	8
1	1305536	11
1	751408	0
1	1151728	8
1	751408	0
1	1151912	8
1	751408	0
1	1152096	8
1	751408	0
1	1152280	8
1	751408	0
1	1275456	9
1	1336896	12
1	1340992	12
1	1349184	12
1	1353280	12
1	1357376	12
1	1361472	12
1	1357376	12
1	1361472	12
1	1365568	12
1	1369664	12
1	1373760	12
1	1361472	12
1	1365568	12
1	1365568	12
1	1369664	12
1	751408	0
1	1275640	9
1	1377856	12
1	1369664	12
1	1377856	12
1	751408	0
1	1275824	9
1	1381952	11
1	1386048	12
1	1390144	12
1	1381952	12
1	1386048	12
1	1390144	12
1	1386048	12
1	1390144	12
1	1394240	12
1	1390144	12
1	1394240	12
1	1398336	12
1	751408	0
1	1276008	9
1	1402432	12
1	1398336	12
1	1402432	12
1	1406528	12
1	1410624	12
1	1414720	12
1	1418816	12
1	1402432	12
1	1406528	12
1	1410624	12
1	1410624	12
1	1414720	12
1	1418816	12
1	1422912	12
1	1414720	12
1	1418816	12
1	1422912	12
1	1418816	12
1	1422912	12
1	1427008	12
1	1431104	12
1	1435200	12
1	1439296	12
1	1427008	12
1	751408	0
1	1276192	9
1	751408	0
1	1276376	9
1	1431104	12
1	751408	0
1	1276560	9
1	1435200	12
1	1439296	12
1	1431104	12
1	1435200	12
1	1439296	12
1	1443392	12
1	1447488	12
1	1439296	12
1	1443392	12
1	1447488	12
1	751408	0
1	1313728	10
1	1451584	12
1	1455680	12
1	1459776	12
1	1439296	12
1	1443392	12
1	1447488	12
1	751408	0
1	1313912	10
1	1451584	12
1	1455680	12
1	1459776	12
1	1447488	12
1	1451584	12
1	751408	0
1	1314096	10
1	1455680	12
1	1459776	12
1	1455680	12
1	1459776	12
1	1463872	12
1	1467968	12
1	1472064	12
1	1459776	12
1	1463872	12
1	1467968	12
1	1463872	12
1	1467968	12
1	751408	0
1	1314280	10
1	751408	0
1	1314464	10
1	1472064	12
1	1476160	12
1	1480256	12
1	1484352	12
1	1488448	12
1	1492544	12
1	1496640	12
1	1467968	12
1	1476160	12
1	1480256	12
1	1484352	12
1	1476160	12
1	751408	0
1	1314648	10
1	1480256	12
1	751408	0
1	1314832	10
1	751408	0
1	1315016	10
1	751408	0
1	1315200	10
1	1484352	12
1	1488448	12
1	1492544	12
1	751408	0
1	1315384	10
1	1496640	12
1	751408	0
1	1315568	10
1	1500736	12
1	1504832	12
1	751408	0
1	1315752	10
1	751408	0
1	1315936	10
1	1508928	11
1	1513024	12
1	1517120	12
1	1521216	12
1	751408	0
1	1316120	10
1	1525312	11
1	1529408	12
1	1533504	12
1	751408	0
1	1537600	11
1	1537784	12
1	1541880	12
1	1545976	12
1	1550072	12
1	1554168	12
1	1558264	12
1	1562360	12
1	1484352	12
1	751408	0
1	1488448	11
1	1488632	12
1	751408	0
1	1492728	11
1	1492912	11
1	1497008	12
1	751408	0
1	1501104	11
1	1501288	12
1	1505384	12
1	1509480	12
1	1513576	12
1	1517672	12
1	1521768	12
1	1525864	12
1	1529960	12
1	1537784	13
1	1541880	13
1	1545976	13
1	1550072	13
1	1554168	13
1	1558264	13
1	1562360	13
1	1545976	13
1	1525864	12
1	1566456	13
1	1570552	13
1	1574648	13
1	1578744	13
1	1582840	13
1	1501288	12
1	1505384	12
1	1509480	12
1	751408	0
1	1513576	11
1	751408	0
1	1513760	11
1	751408	0
1	1513944	11
1	1514128	12
1	1518224	12
1	1522320	12
1	1526416	12
1	1530512	12
1	1537784	13
1	1541880	13
1	1545976	13
1	1550072	13
1	1554168	13
1	1558264	13
1	1562360	13
1	1562360	13
1	1566456	13
1	1570552	13
1	1574648	13
1	1578744	13
1	1582840	13
1	1586936	13
1	1591032	13
1	1509480	12
1	1514128	12
1	1518224	12
1	751408	0
1	1522320	11
1	1522504	12
1	1526600	12
1	1530696	12
1	1537784	13
1	1541880	13
1	1518224	12
1	1522504	12
1	1526600	12
1	1522504	12
1	1526600	12
1	1530696	12
1	1526600	12
1	1530696	12
1	1537784	13
1	1534792	12
1	1541880	13
1	1545976	13
1	1530696	12
1	1537784	13
1	1541880	13
1	1545976	13
1	1550072	13
1	751408	0
1	1535080	11
1	1554168	13
1	1558264	13
1	1562360	13
1	1566456	13
1	1570552	13
1	1541880	13
1	751408	0
1	1535264	11
1	1545976	13
1	1550072	13
1	1554168	13
1	1558264	13
1	751408	0
1	1535448	11
1	1562360	13
1	1566456	13
1	1570552	13
1	751408	0
1	1535632	11
1	1574648	13
1	1578744	13
1	1582840	13
1	1586936	13
1	1595128	13
1	1599224	13
1	1603320	13
1	1607416	13
1	1611512	13
1	1615608	13
1	1619704	13
1	1623800	13
1	1627896	13
1	1631992	13
1	751408	0
1	1535816	11
1	1636088	13
1	1669984	14
1	751408	0
1	1536000	11
1	1674080	14
1	751408	0
1	1536184	11
1	1678176	14
1	1683680	14
1	1687776	14
1	1691872	14
1	1695968	14
1	751408	0
1	1536368	11
1	1700064	14
1	1704160	14
1	751408	0
1	1536552	11
1	1708256	14
1	1712352	14
1	1716448	14
1	1720544	14
1	1724640	14
1	1728736	14
1	751408	0
1	1536736	11
1	751408	0
1	1536920	11
1	751408	0
1	1537104	11
1	1732832	14
1	751408	0
1	1537288	11
1	1736928	14
1	1741024	14
1	1745120	14
1	1749216	14
1	1753312	14
1	1757408	14
1	1761504	14
1	1765600	14
1	1769696	14
1	1773792	14
1	1777888	14
1	1781984	14
1	1786080	14
1	1545976	13
1	751408	0
1	1550072	12
1	1550256	13
1	751408	0
1	1554352	12
1	1554536	12
1	1558632	13
1	1562728	13
1	1566824	13
1	1570920	13
1	1575016	13
1	1579112	13
1	1583208	13
1	1595128	14
1	1599224	14
1	1603320	14
1	1607416	14
1	1611512	14
1	1615608	14
1	1619704	14
1	1623800	14
1	1627896	14
1	1631992	14
1	1636088	14
1	1669984	15
1	1678176	15
1	1682272	15
1	1686368	15
1	1550256	13
1	1554536	13
1	1558632	13
1	1562728	13
1	1566824	13
1	1570920	13
1	1575016	13
1	1579112	13
1	1583208	13
1	1595128	14
1	1599224	14
1	1603320	14
1	1607416	14
1	1611512	14
1	751408	0
1	1587304	12
1	751408	0
1	1587488	12
1	1615608	13
1	1619704	14
1	1623800	14
1	1627896	14
1	1631992	14
1	1636088	14
1	1669984	15
1	1678176	15
1	1550256	13
1	1554536	13
1	751408	0
1	1558632	12
1	751408	0
1	1558816	12
1	1559000	13
1	1563096	13
1	1567192	13
1	1571288	13
1	1575384	13
1	1579480	13
1	1595128	15
1	1599224	15
1	1607416	15
1	1611512	15
1	1615608	15
1	1619704	15
1	1623800	15
1	1627896	15
1	1631992	15
1	1636088	15
1	1669984	16
1	1678176	16
1	1682272	16
1	1690464	16
1	1694560	16
1	1698656	16
1	1702752	16
1	1706848	16
1	1710944	16
1	1715040	16
1	1719136	16
1	1723232	16
1	751408	0
1	1583576	12
1	1727328	16
1	1731424	16
1	1735520	16
1	1739616	16
1	1743712	16
1	1747808	16
1	1753312	16
1	1757408	16
1	1761504	16
1	1765600	16
1	1769696	16
1	1773792	16
1	1777888	16
1	751408	0
1	1583760	12
1	1781984	16
1	1790176	16
1	1794272	16
1	1798368	16
1	1802464	16
1	1806560	16
1	1810656	16
1	1814752	16
1	1818848	16
1	1822944	16
1	1827040	16
1	1831136	16
1	1559000	13
1	1563096	13
1	751408	0
1	1567192	12
1	751408	0
1	1567376	12
1	1575384	14
1	751408	0
1	1567560	12
1	1579480	14
1	1595128	16
1	1599224	16
1	1607416	16
1	1611512	16
1	1615608	16
1	1619704	16
1	1623800	16
1	1627896	16
1	1631992	16
1	1595128	16
1	751408	0
1	1567744	12
1	751408	0
1	1567928	12
1	1599224	16
1	751408	0
1	1568112	12
1	1607416	16
1	751408	0
1	1568296	12
1	1611512	16
1	1599224	16
1	1607416	16
1	1611512	16
1	751408	0
1	1568480	12
1	751408	0
1	1568664	12
1	1615608	16
1	1619704	16
1	1623800	16
1	1627896	16
1	1631992	16
1	1636088	16
1	1669984	17
1	1678176	17
1	1678176	17
1	1682272	17
1	1690464	17
1	1694560	17
1	1698656	17
1	1702752	17
1	1706848	17
1	1710944	17
1	751408	0
1	1568848	12
1	1706848	17
1	751408	0
1	1569032	12
1	1715040	16
1	1719136	17
1	1723232	17
1	1727328	17
1	1731424	17
1	1735520	17
1	1739616	17
1	1743712	17
1	1747808	17
1	1607416	16
1	1611512	16
1	751408	0
1	1569216	12
1	751408	0
1	1569400	12
1	751408	0
1	1569584	12
1	1615608	16
1	1619704	16
1	1623800	16
1	1627896	16
1	1631992	16
1	1636088	16
1	1669984	17
1	1678176	17
1	1611512	16
1	1615608	16
1	751408	0
1	1569768	12
1	751408	0
1	1569952	12
1	1619704	16
1	1623800	16
1	1627896	16
1	1631992	16
1	1636088	16
1	1669984	17
1	1682272	17
1	1690464	17
1	1694560	17
1	1669984	17
1	1698656	17
1	1702752	17
1	1706848	17
1	1710944	17
1	1619704	16
1	751408	0
1	1570136	12
1	1623800	16
1	1627896	16
1	1631992	16
1	1619704	16
1	1623800	16
1	1627896	16
1	1631992	16
1	1636088	16
1	1623800	16
1	1627896	16
1	1631992	16
1	1631992	16
1	1636088	16
1	1669984	17
1	1682272	17
1	1690464	17
1	1694560	17
1	1636088	16
1	1669984	17
1	1682272	17
1	1690464	17
1	1694560	17
1	1682272	17
1	1690464	17
1	751408	0
1	1570320	12
1	751408	0
1	1570504	12
1	1694560	17
1	1698656	17
1	1702752	17
1	1690464	17
1	1694560	17
1	1690464	17
1	1694560	17
1	1698656	17
1	751408	0
1	1570688	12
1	751408	0
1	1570872	12
1	1702752	17
1	1706848	17
1	1698656	17
1	1702752	17
1	751408	0
1	1571056	12
1	1706848	17
1	1715040	17
1	1719136	17
1	1723232	17
1	1706848	17
1	1715040	17
1	751408	0
1	1583944	13
1	1719136	17
1	751408	0
1	1584128	13
1	751408	0
1	1584312	13
1	1723232	17
1	1727328	17
1	1731424	17
1	1735520	17
1	1739616	17
1	1743712	17
1	1751904	17
1	1756000	17
1	1760096	17
1	751408	0
1	1584496	13
1	1764192	17
1	1768288	17
1	1772384	17
1	1776480	17
1	1780576	17
1	1790176	18
1	1794272	18
1	1798368	18
1	751408	0
1	1584680	13
1	1802464	18
1	1806560	18
1	1810656	18
1	1814752	18
1	1818848	18
1	1822944	18
1	1827040	18
1	1835232	18
1	1706848	17
1	1719136	17
1	1723232	17
1	1727328	17
1	1731424	17
1	1735520	17
1	1739616	17
1	1743712	17
1	1751904	17
1	1756000	17
1	1760096	17
1	751408	0
1	1584864	13
1	1764192	17
1	1768288	17
1	1772384	17
1	1776480	17
1	1780576	17
1	1790176	18
1	1794272	18
1	1798368	18
1	751408	0
1	1585048	13
1	1802464	18
1	1806560	18
1	1810656	18
1	1814752	18
1	1818848	18
1	1822944	18
1	1827040	18
1	1839328	18
1	1719136	17
1	1723232	17
1	1727328	17
1	1731424	17
1	1735520	17
1	1739616	17
1	1743712	17
1	1751904	17
1	1743712	17
1	1756000	17
1	1760096	17
1	1764192	17
1	1768288	17
1	1772384	17
1	1723232	17
1	1727328	17
1	751408	0
1	1585232	13
1	1731424	17
1	1735520	17
1	1739616	17
1	1743712	17
1	1751904	17
1	1756000	17
1	751408	0
1	1585416	13
1	1760096	17
1	1764192	17
1	751408	0
1	1585600	13
1	1768288	17
1	1776480	17
1	1780576	17
1	1790176	18
1	1794272	18
1	1731424	17
1	1735520	17
1	1739616	17
1	1743712	17
1	1751904	17
1	1756000	17
1	1760096	17
1	1764192	17
1	751408	0
1	1585784	13
1	1768288	17
1	1776480	17
1	751408	0
1	1585968	13
1	1780576	17
1	1790176	18
1	1794272	18
1	1798368	18
1	1802464	18
1	1806560	18
1	1810656	18
1	1814752	18
1	1739616	17
1	1743712	17
1	1751904	17
1	751408	0
1	1586152	13
1	1756000	17
1	1760096	17
1	1764192	17
1	1768288	17
1	1776480	17
1	1780576	17
1	751408	0
1	1586336	13
1	751408	0
1	1586520	13
1	1790176	18
1	1794272	18
1	1798368	18
1	1802464	18
1	1806560	18
1	1810656	18
1	1814752	18
1	1818848	18
1	1822944	18
1	1827040	18
1	1843424	18
1	1751904	17
1	1756000	17
1	1760096	17
1	751408	0
1	1586704	13
1	1764192	17
1	1768288	17
1	1776480	17
1	1780576	17
1	1790176	18
1	1794272	18
1	1798368	18
1	1802464	18
1	1806560	18
1	1810656	18
1	1814752	18
1	1818848	18
1	1822944	18
1	1814752	18
1	1827040	18
1	1843424	18
1	1847520	18
1	1851616	18
1	1855712	18
1	1859808	18
1	1851616	18
1	1865312	18
1	1869408	18
1	1873504	18
1	1877600	18
1	1881696	18
1	1885792	18
1	1889888	18
1	1893984	18
1	1898080	18
1	1902176	18
1	1906272	18
1	1764192	17
1	1768288	17
1	1776480	17
1	1780576	17
1	1790176	18
1	1764192	17
1	751408	0
1	1586888	13
1	1768288	17
1	1776480	17
1	1780576	17
1	1790176	18
1	1794272	18
1	1798368	18
1	751408	0
1	1587072	13
1	1802464	18
1	1806560	18
1	1810656	18
1	1814752	18
1	1818848	18
1	1806560	18
1	751408	0
1	1587672	14
1	1822944	17
1	1827040	18
1	1843424	18
1	1847520	18
1	1851616	18
1	1855712	18
1	751408	0
1	1587856	14
1	1843424	18
1	751408	0
1	1588040	14
1	1588224	14
1	1859808	17
1	751872	0
1	1863904	17
1	751920	0
1	764384	1
1	764432	1
1	768712	1
1	1859808	18
1	1868000	18
1	1859808	18
1	1872096	18
1	1876192	18
1	1880288	18
1	1859808	18
1	1884384	18
1	1859808	18
1	1888480	18
1	1892576	18
1	1896672	18
1	1900768	18
1	1806560	18
1	751408	0
1	1588224	14
1	1810656	18
1	1814752	18
1	1818848	18
1	1822944	18
1	1843424	18
1	1847520	18
1	1851616	18
1	1855712	18
1	1859808	18
1	1863904	18
1	1868000	18
1	1872096	18
1	1876192	18
1	1880288	18
1	1884384	18
1	1888480	18
1	1892576	18
1	1896672	18
1	1910368	19
1	1914464	19
1	751408	0
1	1588408	14
1	1918560	19
1	1922656	19
1	1926752	19
1	1930848	19
1	1934944	19
1	751408	0
1	1588592	14
1	1939040	18
1	1943136	19
1	1947232	19
1	1951328	19
1	1955424	19
1	1959520	19
1	1963616	19
1	1967712	19
1	1971808	19
1	1975904	19
1	1981408	19
1	1985504	19
1	1989600	19
1	751408	0
1	1588776	14
1	1993696	19
1	1997792	19
1	2001888	19
1	2005984	19
1	2010080	19
1	2014176	19
1	2018272	19
1	2022368	19
1	2026464	19
1	2030560	19
1	2034656	19
1	2038752	19
1	1806560	18
1	751408	0
1	1588960	14
1	1810656	18
1	1814752	18
1	1818848	18
1	1822944	18
1	1843424	18
1	1847520	18
1	1851616	18
1	1855712	18
1	1859808	18
1	751408	0
1	1589144	14
1	1589328	14
1	1589472	14
1	751872	0
1	1589472	14
1	751920	0
1	1589472	14
1	764384	1
1	1814752	17
1	1589472	14
1	764432	1
1	1589472	13
1	768712	1
1	1589472	12
1	861632	1
1	1818848	15
1	1589472	12
1	1822944	15
1	861680	1
1	1843424	15
1	1589472	12
1	984776	2
1	1589472	11
1	988688	2
1	1589472	10
1	1029648	2
1	1589472	9
1	1035080	2
1	1589472	9
1	1589472	9
1	1847520	12
1	1589472	9
1	1851616	12
1	1035128	2
1	1589472	9
1	1152464	3
1	1589472	9
1	1818848	18
1	751408	0
1	1589328	14
1	1822944	18
1	1843424	18
1	1847520	18
1	1851616	18
1	1855712	18
1	1859808	18
1	1863904	18
1	1868000	18
1	1872096	18
1	1876192	18
1	1880288	18
1	1884384	18
1	1888480	18
1	751408	0
1	1589512	14
1	1892576	17
1	751408	0
1	1589696	14
1	1896672	18
1	1910368	19
1	1914464	19
1	1918560	19
1	1922656	19
1	1926752	19
1	1930848	19
1	1934944	19
1	1939040	19
1	1943136	19
1	1947232	19
1	1951328	19
1	1955424	19
