1	24	0
1	2088	0
1	4152	0
1	4224	0
1	8320	0
1	12416	0
1	16512	0
1	20608	0
1	24704	0
1	28800	0
1	29832	0
1	30360	0
1	31392	0
1	31464	0
1	35560	0
1	35656	0
1	39752	0
1	43848	0
1	47944	0
1	52040	0
1	56136	0
1	60232	0
1	64328	0
1	68424	0
1	72520	0
1	72584	0
1	72648	0
1	72712	0
1	72776	0
1	72840	0
1	72904	0
1	72968	0
1	73032	0
1	73096	0
1	77192	0
1	77672	0
1	78152	0
1	78632	0
1	79112	0
1	79592	0
1	80072	0
1	80552	0
1	81032	0
1	81512	0
1	81992	0
1	82472	0
1	82952	0
1	83432	0
1	83912	0
1	84392	0
1	84872	0
1	85352	0
1	85832	0
1	86312	0
1	86792	0
1	87272	0
1	87752	0
1	88232	0
1	88712	0
1	89192	0
1	89672	0
1	90152	0
1	90632	0
1	91112	0
1	91592	0
1	92072	0
1	92552	0
1	93032	0
1	93512	0
1	93992	0
1	94472	0
1	94952	0
1	95432	0
1	95912	0
1	96392	0
1	96432	0
1	96472	0
1	96512	0
1	96552	0
1	100648	0
1	100688	0
1	100728	0
1	100768	0
1	100808	0
1	100848	0
1	100888	0
1	100928	0
1	100968	0
1	101008	0
1	101048	0
1	101088	0
1	101128	0
1	101168	0
1	101208	0
1	101248	0
1	101288	0
1	101328	0
1	101368	0
1	101408	0
1	101448	0
1	101488	0
1	101528	0
1	101568	0
1	101608	0
1	101648	0
1	101688	0
1	101728	0
1	101768	0
1	101808	0
1	101848	0
1	101888	0
1	101928	0
1	101968	0
1	102008	0
1	102048	0
1	102088	0
1	102128	0
1	102168	0
1	102208	0
1	102248	0
1	102288	0
1	102328	0
1	102368	0
1	102408	0
1	102448	0
1	102488	0
1	102528	0
1	102568	0
1	102608	0
1	102648	0
1	102688	0
1	102728	0
1	102768	0
1	102808	0
1	102848	0
1	102888	0
1	102928	0
1	102968	0
1	103008	0
1	103048	0
1	103088	0
1	103128	0
1	103168	0
1	103208	0
1	103248	0
1	103288	0
1	103328	0
1	103368	0
1	103408	0
1	103448	0
1	103488	0
1	103528	0
1	103568	0
1	103608	0
1	103648	0
1	103688	0
1	103728	0
1	103768	0
1	103808	0
1	103848	0
1	103888	0
1	103928	0
1	103968	0
1	104008	0
1	104048	0
1	104088	0
1	104128	0
1	104168	0
1	104208	0
1	104248	0
1	104288	0
1	104328	0
1	104368	0
1	104408	0
1	104448	0
1	104488	0
1	104528	0
1	104568	0
1	104608	0
1	104648	0
1	104688	0
1	104728	0
1	104768	0
1	104808	0
1	104848	0
1	104888	0
1	104928	0
1	104968	0
1	105008	0
1	105048	0
1	105088	0
1	105128	0
1	105168	0
1	105208	0
1	105248	0
1	105288	0
1	105328	0
1	105368	0
1	105408	0
1	105448	0
1	105488	0
1	105528	0
1	105568	0
1	105608	0
1	105648	0
1	105688	0
1	105728	0
1	105768	0
1	109864	0
1	109864	0
1	113960	0
1	118056	0
1	122152	0
1	126248	0
1	130344	0
1	134440	0
1	138536	0
1	142632	0
1	146728	0
1	146768	0
1	146808	0
1	146880	0
1	146928	0
1	155160	0
1	163392	0
1	163496	0
1	167592	0
1	171688	0
1	171784	0
1	175880	0
1	179976	0
1	184072	0
1	188168	0
1	192264	0
1	196360	0
1	200456	0
1	204552	0
1	208648	0
1	212744	0
1	216840	0
1	220936	0
1	225032	0
1	229128	0
1	233224	0
1	237320	0
1	241416	0
1	245512	0
1	249608	0
1	253704	0
1	257800	0
1	261896	0
1	265992	0
1	270088	0
1	274184	0
1	278280	0
1	282376	0
1	286472	0
1	290568	0
1	294664	0
1	298760	0
1	302856	0
1	306952	0
1	311048	0
1	315144	0
1	319240	0
1	323336	0
1	327432	0
1	331528	0
1	335624	0
1	339720	0
1	343816	0
1	347912	0
1	352008	0
1	356104	0
1	360200	0
1	364296	0
1	368392	0
1	372488	0
1	376584	0
1	380680	0
1	384776	0
1	388872	0
1	392968	0
1	397064	0
1	401160	0
1	405256	0
1	409352	0
1	413448	0
1	417544	0
1	421640	0
1	425736	0
1	429832	0
1	433928	0
1	438024	0
1	442120	0
1	446216	0
1	450312	0
1	454408	0
1	458504	0
1	462600	0
1	466696	0
1	470792	0
1	474888	0
1	478984	0
1	483080	0
1	487176	0
1	491272	0
1	495368	0
1	499464	0
1	503560	0
1	507656	0
1	511752	0
1	515848	0
1	519944	0
1	524040	0
1	528136	0
1	532232	0
1	536328	0
1	540424	0
1	544520	0
1	548616	0
1	552712	0
1	556808	0
1	560904	0
1	565000	0
1	569096	0
1	573192	0
1	577288	0
1	581384	0
1	585480	0
1	589576	0
1	593672	0
1	597768	0
1	601864	0
1	605960	0
1	610056	0
1	614152	0
1	618248	0
1	622344	0
1	626440	0
1	630536	0
1	634632	0
1	638728	0
1	642824	0
1	646920	0
1	651016	0
1	655112	0
1	659208	0
1	663304	0
1	667400	0
1	671496	0
1	675592	0
1	679688	0
1	683784	0
1	687880	0
1	691976	0
1	696072	0
1	700168	0
1	704264	0
1	708360	0
1	712456	0
1	716552	0
1	720648	0
1	724744	0
1	728840	0
1	732936	0
1	737032	0
1	741128	0
1	745224	0
1	749320	0
1	753416	0
1	757512	0
1	761608	0
1	765704	0
1	769800	0
1	773896	0
1	777992	0
1	782088	0
1	786184	0
1	790280	0
1	794376	0
1	798472	0
1	802568	0
1	806664	0
1	810760	0
1	814856	0
1	818952	0
1	823048	0
1	827144	0
1	831240	0
1	835336	0
1	839432	0
1	843528	0
1	847624	0
1	851720	0
1	855816	0
1	859912	0
1	864008	0
1	868104	0
1	872200	0
1	876296	0
1	880392	0
1	884488	0
1	888584	0
1	892680	0
1	896776	0
1	900872	0
1	904968	0
1	909064	0
1	913160	0
1	917256	0
1	921352	0
1	925448	0
1	929544	0
1	933640	0
1	937736	0
1	941832	0
1	945928	0
1	950024	0
1	954120	0
1	958216	0
1	962312	0
1	966408	0
1	970504	0
1	974600	0
1	978696	0
1	982792	0
1	986888	0
1	990984	0
1	995080	0
1	999176	0
1	1003272	0
1	1007368	0
1	1011464	0
1	1015560	0
1	1019656	0
1	1023752	0
1	1027848	0
1	1031944	0
1	1036040	0
1	1040136	0
1	1044232	0
1	1048328	0
1	1052424	0
1	1056520	0
1	1060616	0
1	1064712	0
1	1068808	0
1	1072904	0
1	1073000	0
1	1073184	1
1	1072904	0
1	1077280	0
1	1081376	0
1	1077280	0
1	1081376	0
1	1081472	0
1	1081656	1
1	1081376	0
1	1085752	0
1	1089848	0
1	1093944	0
1	1081656	0
1	1085752	0
1	1089848	0
1	1093944	0
1	1098040	0
1	1102136	0
1	1106232	0
1	1110328	0
1	1114424	0
1	1098040	0
1	1102136	0
1	1106232	0
1	1106328	0
1	1106512	1
1	1106232	0
1	1110608	0
1	1110704	0
1	1114800	0
1	1118896	0
1	1098040	0
1	1102136	0
1	1106512	0
1	1106512	0
1	1110704	0
1	1114800	0
1	1110704	0
1	1114800	0
1	1122992	0
1	1122992	0
1	1127088	0
1	1127088	0
1	1131184	0
1	1127088	0
1	1131184	0
1	1135280	0
1	1131184	0
1	1135280	0
1	1139376	0
1	1143472	0
1	1143472	0
1	1147568	0
1	1147568	0
1	1151664	0
1	1151760	0
1	1151944	1
1	1156040	1
1	1160136	1
1	1164232	1
1	1151944	1
1	1156040	1
1	1160136	1
1	1156040	1
1	1160136	1
1	1151664	0
1	1164232	0
1	1151664	0
1	1164416	0
1	1164600	1
1	1151664	0
1	1168696	0
1	1168880	1
1	1151664	0
1	1172976	0
1	1173160	1
1	1151664	0
1	1177256	0
1	1177440	1
1	1151664	0
1	1181536	0
1	1181720	1
1	1185816	1
1	1189912	1
1	1194008	1
1	1198104	1
1	1202200	1
1	1206296	1
1	1210392	1
1	1214488	1
1	1218584	1
1	1222680	1
1	1226776	1
1	1230872	1
1	1151664	0
1	1234968	0
1	1235152	1
1	1239248	1
1	1243344	1
1	1247440	1
1	1251536	1
1	1247440	1
1	1255632	1
1	1247440	1
1	1259728	1
1	1263824	1
1	1267920	1
1	1272016	1
1	1276112	1
1	1280208	1
1	1284304	1
1	1288400	1
1	1292496	1
1	1296592	1
1	1300688	1
1	1304784	1
1	1164600	1
1	1168880	1
1	1173160	1
1	1177440	1
1	1181720	1
1	1173160	1
1	1177440	1
1	1173160	1
1	1177440	1
1	1181720	1
1	1177440	1
1	1181720	1
1	1181720	1
1	1185816	1
1	1189912	1
1	1194008	1
1	1185816	1
1	1189912	1
1	1151664	0
1	1194008	0
1	1151664	0
1	1194192	0
1	1194376	1
1	1198472	1
1	1202568	1
1	1206664	1
1	1210760	1
1	1214856	1
1	1218952	1
1	1223048	1
1	1227144	1
1	1194376	1
1	1151664	0
1	1198472	0
1	1151664	0
1	1198656	0
1	1198840	1
1	1151664	0
1	1202936	0
1	1203120	1
1	1207216	1
1	1211312	1
1	1215408	1
1	1219504	1
1	1223600	1
1	1227696	1
1	1235152	2
1	1243344	2
1	1247440	2
1	1251536	2
1	1255632	2
1	1259728	2
1	1251536	2
1	1263824	2
1	1267920	2
1	1272016	2
1	1276112	2
1	1280208	2
1	1284304	2
1	1288400	2
1	1292496	2
1	1296592	2
1	1300688	2
1	1308880	2
1	1312976	2
1	1317072	2
1	1321168	2
1	1325264	2
1	1329360	2
1	1333456	2
1	1337552	2
1	1341648	2
1	1345744	2
1	1349840	2
1	1353936	2
1	1358032	2
1	1203120	1
1	1207216	1
1	1211312	1
1	1215408	1
1	1203120	1
1	1207216	1
1	1211312	1
1	1215408	1
1	1219504	1
1	1223600	1
1	1227696	1
1	1235152	2
1	1243344	2
1	1247440	2
1	1211312	1
1	1215408	1
1	1151664	0
1	1219504	0
1	1219688	1
1	1151664	0
1	1223784	0
1	1151664	0
1	1223968	0
1	1224152	1
1	1151664	0
1	1228248	0
1	1151664	0
1	1228432	0
1	1228616	1
1	1235152	2
1	1243344	2
1	1247440	2
1	1251536	2
1	1255632	2
1	1259728	2
1	1263824	2
1	1267920	2
1	1272016	2
1	1276112	2
1	1280208	2
1	1219688	1
1	1224152	1
1	1151664	0
1	1228616	0
1	1228800	1
1	1151664	0
1	1232896	0
1	1235152	2
1	1243344	2
1	1247440	2
1	1251536	2
1	1219688	1
1	1224152	1
1	1228800	1
1	1151664	0
1	1233080	0
1	1235152	2
1	1151664	0
1	1233264	0
1	1243344	2
1	1247440	2
1	1235152	2
1	1243344	2
1	1151664	0
1	1233448	0
1	1247440	2
1	1151664	0
1	1233632	0
1	1251536	2
1	1255632	2
1	1243344	2
1	1247440	2
1	1251536	2
1	1255632	2
1	1259728	2
1	1263824	2
1	1267920	2
1	1272016	2
1	1243344	2
1	1247440	2
1	1251536	2
1	1255632	2
1	1259728	2
1	1263824	2
1	1267920	2
1	1276112	2
1	1151664	0
1	1284304	1
1	1288400	1
1	1292496	1
1	1296592	1
1	1300688	1
1	1288400	1
1	1308880	1
1	1312976	1
1	1317072	1
1	1312976	1
1	1321168	1
1	1325264	1
1	1329360	1
1	1333456	1
1	1337552	1
1	1333456	1
1	1341648	1
1	1345744	1
1	1349840	1
1	1362128	1
1	1233816	0
1	1233912	0
1	1251536	2
1	1255632	2
1	1259728	2
1	1255632	2
1	1233816	0
1	1234096	0
1	1259728	2
1	1263824	2
1	1267920	2
1	1276112	2
1	1284304	2
1	1255632	2
1	1259728	2
1	1233816	0
1	1234280	0
1	1233816	0
1	1234464	0
1	1233816	0
1	1234648	0
1	1263824	2
1	1267920	2
1	1233816	0
1	1276112	1
1	1288400	3
1	1292496	3
1	1296592	3
1	1300688	3
1	1308880	3
1	1312976	3
1	1317072	3
1	1321168	3
1	1325264	3
1	1329360	3
1	1259728	2
1	1263824	2
1	1233816	0
1	1267920	1
1	1233816	0
1	1268104	1
1	1288400	4
1	1233816	0
1	1268288	1
1	1292496	4
1	1296592	4
1	1300688	4
1	1308880	4
1	1312976	4
1	1300688	4
1	1317072	4
1	1321168	4
1	1317072	4
1	1325264	4
1	1333456	4
1	1337552	4
1	1341648	4
1	1345744	4
1	1349840	4
1	1366224	4
1	1370320	4
1	1374416	4
1	1233816	0
1	1268472	1
1	1233816	0
1	1268656	1
1	1233816	0
1	1268840	1
1	1378512	4
1	1382608	4
1	1386704	4
1	1390800	4
1	1394896	4
1	1233816	0
1	1269024	1
1	1398992	3
1	1233816	0
1	1269208	1
1	1403088	4
1	1407184	4
1	1411280	4
1	1415376	4
1	1419472	4
1	1423568	4
1	1403088	4
1	1233816	0
1	1269392	1
1	1386704	4
1	1427664	4
1	1431760	4
1	1233816	0
1	1269576	1
1	1233816	0
1	1269760	1
1	1435856	4
1	1439952	4
1	1444048	4
1	1449552	4
1	1233816	0
1	1269944	1
1	1386704	3
1	1453648	4
1	1457744	4
1	1461840	4
1	1465936	4
1	1470032	4
1	1474128	4
1	1478224	4
1	1461840	4
1	1482320	4
1	1461840	4
1	1461840	4
1	1486416	4
1	1366224	4
1	1233816	0
1	1270128	1
1	1233816	0
1	1270312	1
1	1490512	4
1	1494608	4
1	1233816	0
1	1270496	1
1	1498704	4
1	1502800	4
1	1506896	4
1	1510992	4
1	1510992	4
1	1510992	4
1	1515088	4
1	1519184	4
1	1519184	4
1	1523280	4
1	1527376	4
1	1527376	4
1	1233816	0
1	1270680	1
1	1531472	4
1	1535568	4
1	1539664	4
1	1543760	4
1	1547856	4
1	1551952	4
1	1556048	4
1	1551952	4
1	1560144	4
1	1564240	4
1	1560144	4
1	1568336	4
1	1572432	4
1	1583312	4
1	1587408	4
1	1583312	4
1	1591504	4
1	1595600	4
1	1599696	4
1	1603792	4
1	1607888	4
1	1611984	4
1	1233816	0
1	1270864	1
1	1233816	0
1	1271048	1
1	1616080	4
1	1620176	4
1	1624272	4
1	1628368	4
1	1632464	4
1	1636560	4
1	1624272	4
1	1233816	0
1	1271232	1
1	1640656	4
1	1644752	4
1	1648848	4
1	1652944	4
1	1657040	4
1	1661136	4
1	1665232	4
1	1669328	4
1	1673424	4
1	1677520	4
1	1681616	4
1	1685712	4
1	1689808	4
1	1693904	4
1	1698000	4
1	1702096	4
1	1263824	2
1	1288400	4
1	1292496	4
1	1296592	4
1	1300688	4
1	1308880	4
1	1263824	2
1	1288400	4
1	1292496	4
1	1233816	0
1	1271416	1
1	1233816	0
1	1271600	1
1	1296592	4
1	1300688	4
1	1308880	4
1	1312976	4
1	1317072	4
1	1321168	4
1	1325264	4
1	1333456	4
1	1337552	4
1	1341648	4
1	1345744	4
1	1349840	4
1	1366224	4
1	1333456	4
1	1370320	4
1	1233816	0
1	1271784	1
1	1374416	4
1	1378512	4
1	1233816	0
1	1276296	2
1	1378512	4
1	1382608	4
1	1386704	4
1	1378512	4
1	1378512	4
1	1390800	4
1	1390800	4
1	1394896	4
1	1394896	4
1	1398992	4
1	1403088	4
1	1407184	4
1	1415376	4
1	1419472	4
1	1415376	4
1	1423568	4
1	1398992	4
1	1415376	4
1	1427664	4
1	1431760	4
1	1435856	4
1	1441360	4
1	1445456	4
1	1449552	4
1	1453648	4
1	1457744	4
1	1461840	4
1	1465936	4
1	1470032	4
1	1465936	4
1	1474128	4
1	1233816	0
1	1276480	2
1	1233816	0
1	1276664	2
1	1465936	3
1	1478224	4
1	1482320	4
1	1486416	4
1	1490512	4
1	1233816	0
1	1494608	3
1	1498704	3
1	1502800	3
1	1506896	3
1	1510992	3
1	1515088	3
1	1519184	3
1	1515088	3
1	1523280	3
1	1527376	3
1	1234832	0
1	1276848	2
1	1531472	3
1	1535568	3
1	1234832	0
1	1277032	2
1	1539664	3
1	1543760	3
1	1539664	3
1	1539664	3
1	1547856	3
1	1547856	3
1	1547856	3
1	1551952	3
1	1556048	3
1	1486416	3
1	1523280	3
1	1556048	3
1	1560144	3
1	1564240	3
1	1568336	3
1	1579216	3
1	1523280	3
1	1583312	3
1	1587408	3
1	1591504	3
1	1595600	3
1	1599696	3
1	1603792	3
1	1607888	3
1	1611984	3
1	1616080	3
1	1620176	3
1	1628368	3
1	1632464	3
1	1636560	3
1	1296592	3
1	1234832	0
1	1277216	2
1	1300688	3
1	1234832	0
1	1277400	2
1	1308880	3
1	1234832	0
1	1277584	2
1	1234832	0
1	1277768	2
1	1312976	3
1	1317072	3
1	1321168	3
1	1325264	3
1	1333456	3
1	1300688	3
1	1234832	0
1	1277952	2
1	1308880	3
1	1300688	3
1	1308880	3
1	1234832	0
1	1278136	2
1	1234832	0
1	1278320	2
1	1312976	3
1	1317072	3
1	1321168	3
1	1325264	3
1	1337552	3
1	1308880	3
1	1312976	3
1	1317072	3
1	1321168	3
1	1325264	3
1	1321168	3
1	1234832	0
1	1278504	2
1	1234832	0
1	1278688	2
1	1325264	3
1	1337552	3
1	1341648	3
1	1345744	3
1	1349840	3
1	1366224	3
1	1370320	3
1	1374416	3
1	1378512	3
1	1378512	3
1	1382608	3
1	1386704	3
1	1390800	3
1	1394896	3
1	1398992	3
1	1382608	3
1	1403088	3
1	1407184	3
1	1234832	0
1	1278872	2
1	1415376	3
1	1419472	3
1	1423568	3
1	1427664	3
1	1415376	3
1	1431760	3
1	1234832	0
1	1279056	2
1	1435856	3
1	1439952	3
1	1444048	3
1	1448144	3
1	1452240	3
1	1456336	3
1	1460432	3
1	1464528	3
1	1468624	3
1	1321168	3
1	1325264	3
1	1234832	0
1	1279240	2
1	1337552	3
1	1341648	3
1	1345744	3
1	1349840	3
1	1366224	3
1	1370320	3
1	1374416	3
1	1337552	3
1	1341648	3
1	1345744	3
1	1349840	3
1	1366224	3
1	1370320	3
1	1374416	3
1	1378512	3
1	1382608	3
1	1366224	3
1	1370320	3
1	1386704	3
1	1390800	3
1	1394896	3
1	1370320	3
1	1398992	3
1	1398992	3
1	1345744	3
1	1349840	3
1	1234832	0
1	1279424	2
1	1366224	3
1	1370320	3
1	1374416	3
1	1378512	3
1	1382608	3
1	1386704	3
1	1390800	3
1	1394896	3
1	1398992	3
1	1345744	3
1	1349840	3
1	1234832	0
1	1279608	2
1	1366224	3
1	1370320	3
1	1374416	3
1	1378512	3
1	1382608	3
1	1366224	3
1	1234832	0
1	1279792	2
1	1370320	3
1	1374416	3
1	1378512	3
1	1382608	3
1	1386704	3
1	1390800	3
1	1234832	0
1	1279976	2
1	1234832	0
1	1394896	3
1	1234832	0
1	1395080	3
1	1403088	4
1	1407184	4
1	1415376	4
1	1419472	4
1	1423568	4
1	1427664	4
1	1431760	4
1	1435856	4
1	1435856	4
1	1444048	4
1	1448144	4
1	1419472	4
1	1452240	4
1	1456336	4
1	1460432	4
1	1370320	3
1	1374416	3
1	1234832	0
1	1378512	3
1	1378696	3
1	1234832	0
1	1382792	3
1	1382976	3
1	1387072	3
1	1403088	5
1	1378696	3
1	1382976	3
1	1378696	3
1	1382976	3
1	1387072	3
1	1403088	5
1	1382976	3
1	1387072	3
1	1415376	5
1	1415376	5
1	1419472	5
1	1423568	5
1	1427664	5
1	1431760	5
1	1234832	0
1	1391168	3
1	1435856	5
1	1444048	5
1	1448144	5
1	1444048	5
1	1452240	5
1	1234832	0
1	1391352	3
1	1456336	5
1	1234832	0
1	1391536	3
1	1460432	5
1	1234832	0
1	1464528	5
1	1468624	5
1	1464528	5
1	1472720	5
1	1391720	3
1	1476816	5
1	1391816	3
1	1480912	5
1	1485008	5
1	1472720	5
1	1489104	5
1	1391912	3
1	1444048	5
1	1493200	5
1	1497296	5
1	1501392	5
1	1419472	5
1	1423568	5
1	1423568	5
1	1427664	5
1	1431760	5
1	1435856	5
1	1444048	5
1	1427664	5
1	1431760	5
1	1392200	3
1	1392296	3
1	1435856	6
1	1392200	3
1	1392480	3
1	1444048	6
1	1448144	6
1	1452240	6
1	1456336	6
1	1435856	6
1	1392200	3
1	1392664	3
1	1392200	3
1	1392848	3
1	1444048	6
1	1448144	6
1	1452240	6
1	1456336	6
1	1460432	6
1	1464528	6
1	1468624	6
1	1472720	6
1	1476816	6
1	1485008	6
1	1489104	6
1	1493200	6
1	1497296	6
1	1505488	6
1	1509584	6
1	1513680	6
1	1517776	6
1	1444048	6
1	1448144	6
1	1452240	6
1	1456336	6
1	1460432	6
1	1448144	6
1	1444048	6
1	1448144	6
1	1452240	6
1	1392200	3
1	1393032	3
1	1456336	6
1	1392200	3
1	1393216	3
1	1460432	5
1	1464528	6
1	1468624	6
1	1472720	6
1	1452240	6
1	1456336	6
1	1460432	6
1	1464528	6
1	1468624	6
1	1472720	6
1	1476816	6
1	1485008	6
1	1392200	3
1	1393400	3
1	1489104	6
1	1493200	6
1	1497296	6
1	1505488	6
1	1460432	6
1	1464528	6
1	1468624	6
1	1472720	6
1	1460432	6
1	1464528	6
1	1468624	6
1	1464528	6
1	1468624	6
1	1472720	6
1	1392200	3
1	1393584	3
1	1392200	3
1	1393768	3
1	1476816	6
1	1485008	6
1	1489104	6
1	1493200	6
1	1497296	6
1	1509584	6
1	1513680	6
1	1521872	6
1	1525968	6
1	1530064	6
1	1534160	6
1	1538256	6
1	1542352	6
1	1472720	6
1	1476816	6
1	1485008	6
1	1392200	3
1	1393952	3
1	1489104	6
1	1392200	3
1	1394136	3
1	1493200	6
1	1497296	6
1	1509584	6
1	1489104	6
1	1489104	6
1	1493200	6
1	1497296	6
1	1509584	6
1	1513680	6
1	1521872	6
1	1525968	6
1	1530064	6
1	1534160	6
1	1538256	6
1	1542352	6
1	1551952	7
1	1556048	7
1	1560144	7
1	1564240	7
1	1568336	7
1	1572432	7
1	1576528	7
1	1580624	7
1	1584720	7
1	1588816	7
1	1592912	7
1	1597008	7
1	1601104	7
1	1605200	7
1	1609296	7
1	1613392	7
1	1617488	7
1	1628368	8
1	1640656	8
1	1644752	8
1	1648848	8
1	1652944	8
1	1657040	8
1	1661136	8
1	1665232	8
1	1669328	8
1	1673424	8
1	1677520	8
1	1681616	8
1	1685712	8
1	1689808	8
1	1706192	8
1	1710288	8
1	1714384	8
1	1719888	8
1	1723984	8
1	1728080	8
1	1732176	8
1	1736272	8
1	1740368	8
1	1744464	8
1	1748560	8
1	1752656	8
1	1756752	8
1	1760848	8
1	1764944	8
1	1769040	8
1	1773136	8
1	1777232	8
1	1781328	8
1	1785424	8
1	1789520	8
1	1793616	8
1	1797712	8
1	1801808	8
1	1805904	8
1	1810000	8
1	1814096	8
1	1818192	8
1	1822288	8
1	1826384	8
1	1830480	8
1	1834576	8
1	1838672	8
1	1842768	8
1	1846864	8
1	1850960	8
1	1855056	8
1	1859152	8
1	1863248	8
1	1867344	8
1	1871440	8
1	1875536	8
1	1879632	8
1	1883728	8
1	1887824	8
1	1891920	8
1	1896016	8
1	1900112	8
1	1904208	8
1	1908304	8
1	1912400	8
1	1916496	8
1	1920592	8
1	1924688	8
1	1928784	8
1	1932880	8
1	1936976	8
1	1941072	8
1	1945168	8
1	1949264	8
1	1953360	8
1	1957456	8
1	1961552	8
1	1965648	8
1	1969744	8
1	1973840	8
1	1977936	8
1	1982032	8
1	1986128	8
1	1990224	8
1	1994320	8
1	1998416	8
1	2002512	8
1	2006608	8
1	2017488	8
1	2021584	8
1	2025680	8
1	2029776	8
1	2033872	8
1	2037968	8
1	2042064	8
1	2046160	8
1	2050256	8
1	2054352	8
1	2058448	8
1	2062544	8
1	2066640	8
1	2070736	8
1	2074832	8
1	2078928	8
1	2083024	8
1	1392200	3
1	1394320	3
1	1392200	3
1	1394504	3
1	2087120	8
1	2091216	8
1	2095312	8
1	1392200	3
1	1394688	3
1	1392200	3
1	1395264	4
1	2099408	8
1	2103504	8
1	1392200	3
1	1395448	4
1	1392200	3
1	1395632	4
1	2107600	8
1	2111696	8
1	2115792	8
1	2119888	8
1	2123984	8
1	2128080	8
1	2132176	8
1	2136272	8
1	2140368	8
1	2144464	8
1	2148560	8
1	2152656	8
1	2156752	8
1	2160848	8
1	2164944	8
1	2169040	8
1	2173136	8
1	2177232	8
1	1493200	6
1	1497296	6
1	1392200	3
1	1395816	4
1	1509584	6
1	1521872	6
1	1525968	6
1	1530064	6
1	1534160	6
1	1538256	6
1	1497296	6
1	1509584	6
1	1392200	3
1	1396000	4
1	1392200	3
1	1396184	4
1	1392200	3
1	1396368	4
1	1392200	3
1	1396552	4
1	1525968	6
1	1392200	3
1	1396736	4
1	1392200	3
1	1396920	4
1	1530064	6
1	1534160	6
1	1538256	6
1	1542352	6
1	1551952	7
1	1556048	7
1	1560144	7
1	1564240	7
1	1568336	7
1	1572432	7
1	1576528	7
1	1580624	7
1	1392200	3
1	1397104	4
1	1584720	6
1	1588816	7
1	1592912	7
1	1597008	7
1	1601104	7
1	1605200	7
1	1609296	7
1	1613392	7
1	1564240	7
1	1572432	7
1	1509584	6
1	1525968	6
1	1530064	6
1	1534160	6
1	1392200	3
1	1397288	4
1	1530064	6
1	1534160	6
1	1392200	3
1	1397472	4
1	1538256	6
1	1542352	6
1	1551952	7
1	1556048	7
1	1392200	3
1	1397656	4
1	1560144	7
1	1564240	7
1	1568336	7
1	1560144	7
1	1572432	7
1	1576528	7
1	1560144	7
1	1580624	7
1	1584720	7
1	1392200	3
1	1397840	4
1	1588816	7
1	1592912	7
1	1597008	7
1	1601104	7
1	1605200	7
1	1613392	7
1	1617488	7
1	1628368	8
1	1640656	8
1	1644752	8
1	1648848	8
1	1652944	8
1	1657040	8
1	1661136	8
1	1665232	8
1	1669328	8
1	1673424	8
1	1669328	8
1	1677520	8
1	1669328	8
1	1681616	8
1	1669328	8
1	1669328	8
1	1669328	8
1	1685712	8
1	1689808	8
1	1706192	8
1	1711696	8
1	1669328	8
1	1392200	3
1	1398024	4
1	1715792	8
1	1719888	8
1	1723984	8
1	1392200	3
1	1398208	4
1	1728080	8
1	1732176	8
1	1736272	8
1	1740368	8
1	1744464	8
1	1748560	8
1	1752656	8
1	1756752	8
1	1744464	8
1	1760848	8
1	1764944	8
1	1769040	8
1	1773136	8
1	1777232	8
1	1781328	8
1	1534160	6
1	1538256	6
1	1392200	3
1	1398392	4
1	1392200	3
1	1398576	4
1	1542352	6
1	1551952	7
1	1556048	7
1	1560144	7
1	1564240	7
1	1568336	7
1	1572432	7
1	1580624	7
1	1584720	7
1	1588816	7
1	1592912	7
1	1597008	7
1	1601104	7
1	1538256	6
1	1542352	6
1	1392200	3
1	1398760	4
1	1556048	7
1	1560144	7
1	1564240	7
1	1568336	7
1	1572432	7
1	1580624	7
1	1584720	7
1	1588816	7
1	1592912	7
1	1597008	7
1	1601104	7
1	1605200	7
1	1613392	7
1	1617488	7
1	1628368	8
1	1592912	7
1	1640656	8
1	1644752	8
1	1648848	8
1	1644752	8
1	1652944	8
1	1657040	8
1	1661136	8
1	1665232	8
1	1665232	8
1	1669328	8
1	1665232	8
1	1673424	8
1	1677520	8
1	1677520	8
1	1681616	8
1	1677520	8
1	1685712	8
1	1689808	8
1	1706192	8
1	1710288	8
1	1714384	8
1	1719888	8
1	1723984	8
1	1728080	8
1	1728080	8
1	1732176	8
1	1736272	8
1	1740368	8
1	1744464	8
1	1748560	8
1	1752656	8
1	1756752	8
1	1760848	8
1	1764944	8
1	1769040	8
1	1773136	8
1	1785424	8
1	1789520	8
1	1793616	8
1	1797712	8
1	1542352	6
1	1392200	3
1	1546448	5
1	1556048	7
1	1392200	3
1	1546632	5
1	1392200	3
1	1546816	5
1	1392200	3
1	1547000	5
1	1560144	7
1	1564240	7
1	1568336	7
1	1572432	7
1	1580624	7
1	1584720	7
1	1584720	7
1	1588816	7
1	1592912	7
1	1597008	7
1	1601104	7
1	1605200	7
1	1617488	7
1	1628368	8
1	1640656	8
1	1644752	8
1	1601104	7
1	1648848	8
1	1652944	8
1	1657040	8
1	1661136	8
1	1665232	8
1	1669328	8
1	1665232	8
1	1673424	8
1	1677520	8
1	1392200	3
1	1547184	5
1	1681616	8
1	1673424	8
1	1685712	8
1	1673424	8
1	1689808	8
1	1392200	3
1	1547368	5
1	1706192	8
1	1710288	8
1	1714384	8
1	1714384	8
1	1718480	8
1	1723984	8
1	1728080	8
1	1732176	8
1	1728080	8
1	1736272	8
1	1728080	8
1	1740368	8
1	1744464	8
1	1392200	3
1	1547552	5
1	1748560	8
1	1728080	8
1	1752656	8
1	1756752	8
1	1673424	8
1	1392200	3
1	1621584	6
1	1728080	8
1	1760848	8
1	1392200	3
1	1621768	6
1	1764944	8
1	1392200	3
1	1621952	6
1	1769040	8
1	1773136	8
1	1785424	8
1	1789520	8
1	1801808	8
1	1805904	8
1	1810000	8
1	1814096	8
1	1818192	8
1	1801808	8
1	1822288	8
1	1826384	8
1	1801808	8
1	1830480	8
1	1392200	3
1	1622136	6
1	1834576	7
1	1838672	8
1	1842768	8
1	1846864	8
1	1801808	8
1	1850960	8
1	1855056	8
1	1392200	3
1	1622320	6
1	1392200	3
1	1622504	6
1	1859152	7
1	1863248	8
1	1867344	8
1	1871440	8
1	1871440	8
1	1871440	8
1	1875536	8
1	1879632	8
1	1883728	8
1	1894608	8
1	1898704	8
1	1875536	8
1	1902800	8
1	1875536	8
1	1906896	8
1	1910992	8
1	1915088	8
1	1919184	8
1	1923280	8
1	1927376	8
1	1927376	8
1	1931472	8
1	1927376	8
1	1935568	8
1	1939664	8
1	1927376	8
1	1915088	8
1	1943760	8
1	1947856	8
1	1951952	8
1	1875536	8
1	1943760	8
1	1943760	8
1	1956048	8
1	1943760	8
1	1960144	8
1	1392200	3
1	1622688	6
1	1964240	8
1	1392200	3
1	1622872	6
1	1392200	3
1	1623056	6
1	1968336	7
1	1392200	3
1	1623240	6
1	1972432	8
1	1976528	8
1	1392200	3
1	1623424	6
1	1980624	8
1	1984720	8
1	1988816	8
1	1992912	8
1	1997008	8
1	2001104	8
1	1960144	8
1	2005200	8
1	2009296	8
1	2013392	8
1	2017488	8
1	2021584	8
1	2025680	8
1	2029776	8
1	2033872	8
1	2037968	8
1	2042064	8
1	2046160	8
1	2050256	8
1	1392200	3
1	1623608	6
1	2025680	8
1	2054352	8
1	2058448	8
1	1960144	8
1	1801808	8
1	2025680	8
1	2062544	8
1	2074832	9
1	2078928	9
1	2083024	9
1	2087600	9
1	2092176	9
1	2096752	9
1	2100848	9
1	2104944	9
1	2109040	9
1	2113136	9
1	2117232	9
1	2121328	9
1	2125424	9
1	2129520	9
1	2133616	9
1	1556048	7
1	1392200	3
1	1560144	6
1	1560328	7
1	1564424	7
1	1568520	7
1	1580624	8
1	1584720	8
1	1588816	8
1	1592912	8
1	1597008	8
1	1601104	8
1	1605200	8
1	1560328	7
1	1564424	7
1	1392200	3
1	1568520	6
1	1392200	3
1	1568704	6
1	1568888	7
1	1392200	3
1	1572984	6
1	1584720	8
1	1588816	8
1	1592912	8
1	1597008	8
1	1601104	8
1	1605200	8
1	1617488	8
1	1560328	7
1	1564424	7
1	1568888	7
1	1584720	8
1	1568888	7
1	1584720	8
1	1588816	8
1	1392200	3
1	1573168	6
1	1592912	8
1	1597008	8
1	1601104	8
1	1605200	8
1	1628368	9
1	1640656	9
1	1392200	3
1	1573352	6
1	1644752	9
1	1652944	9
1	1657040	9
1	1661136	9
1	1665232	9
1	1669328	9
1	1673424	9
1	1677520	9
1	1681616	9
1	1685712	9
1	1689808	9
1	1706192	9
1	1710288	9
1	1714384	9
1	1718480	9
1	1722576	9
1	1726672	9
1	1392200	3
1	1573536	6
1	1730768	9
1	1392200	3
1	1573720	6
1	1392200	3
1	1573904	6
1	1734864	9
1	1738960	9
1	1743056	9
1	1747152	9
1	1751248	9
1	1747152	9
1	1747152	9
1	1755344	9
1	1759440	9
1	1747152	9
1	1392200	3
1	1574088	6
1	1763536	9
1	1392200	3
1	1574272	6
1	1767632	9
1	1771728	9
1	1785424	10
1	1801808	11
1	1747152	9
1	1789520	10
1	1807312	10
1	1811408	10
1	1815504	10
1	1807312	10
1	1819600	10
1	1823696	10
1	1827792	10
1	1838672	11
1	1842768	11
1	1846864	11
1	1850960	11
1	1855056	11
1	1588816	8
1	1592912	8
1	1597008	8
1	1392200	3
1	1574456	6
1	1601104	8
1	1605200	8
1	1392200	3
1	1574640	6
1	1628368	9
1	1392200	3
1	1574824	6
1	1640656	8
1	1392200	3
1	1575008	6
1	1644752	9
1	1652944	9
1	1657040	9
1	1644752	9
1	1661136	9
1	1665232	9
1	1669328	9
1	1665232	9
1	1673424	9
1	1677520	9
1	1681616	9
1	1685712	9
1	1689808	9
1	1706192	9
1	1710288	9
1	1714384	9
1	1718480	9
1	1722576	9
1	1726672	9
1	1597008	8
1	1601104	8
1	1605200	8
1	1392200	3
1	1575192	6
1	1392200	3
1	1575376	6
1	1392200	3
1	1575560	6
1	1392200	3
1	1575744	6
1	1628368	9
1	1392200	3
1	1575928	6
1	1640656	9
1	1392200	3
1	1576112	6
1	1392200	3
1	1576296	6
1	1392200	3
1	1623792	7
1	1392200	3
1	1623976	7
1	1392200	3
1	1644752	8
1	1392200	3
1	1644936	8
1	1392200	3
1	1645120	8
1	1392200	3
1	1645304	8
1	1652944	10
1	1392200	3
1	1645488	8
1	1392200	3
1	1645672	8
1	1392200	3
1	1645856	8
1	1392200	3
1	1646040	8
1	1392200	3
1	1646224	8
1	1392200	3
1	1646408	8
1	1392200	3
1	1646592	8
1	1657040	10
1	1661136	10
1	1665232	10
1	1392200	3
1	1646776	8
1	1392200	3
1	1646960	8
1	1669328	10
1	1673424	10
1	1677520	10
1	1681616	10
1	1685712	10
1	1689808	10
1	1706192	10
1	1685712	10
1	1710288	10
1	1714384	10
1	1718480	10
1	1722576	10
1	1730768	10
1	1734864	10
1	1738960	10
1	1743056	10
1	1747152	10
1	1392200	3
1	1647144	8
1	1677520	10
1	1392200	3
1	1647328	8
1	1685712	10
1	1751248	10
1	1755344	10
1	1392200	3
1	1647512	8
1	1392200	3
1	1647696	8
1	1759440	10
1	1763536	10
1	1767632	10
1	1771728	10
1	1785424	11
1	1789520	11
1	1801808	11
1	1805904	11
1	1810000	11
1	1814096	11
1	1392200	3
1	1647880	8
1	1818192	11
1	1822288	11
1	1826384	11
1	1830480	11
1	1838672	11
1	1844176	11
1	1859152	12
1	1863248	12
1	1867344	12
1	1871440	12
1	1875536	12
1	1871440	12
1	1879632	12
1	1883728	12
1	1887824	12
1	1891920	12
1	1392200	3
1	1648064	8
1	1896016	12
1	1900112	12
1	1904208	12
1	1908304	12
1	1912400	12
1	1916496	12
1	1920592	12
1	1916496	12
1	1916496	12
1	1924688	12
1	1928784	12
1	1932880	12
1	1936976	12
1	1916496	12
1	1392200	3
1	1648248	8
1	1941072	12
1	1945168	12
1	1949264	12
1	1953360	12
1	1957456	12
1	1961552	12
1	1965648	12
1	1969744	12
1	1980624	13
1	1984720	13
1	1969744	12
1	1988816	13
1	1392200	3
1	1648432	8
1	1992912	13
1	1997008	13
1	2001104	13
1	2005200	13
1	2009296	13
1	2013392	13
1	2017488	13
1	2028368	13
1	2032464	13
1	2036560	13
1	2040656	13
1	2044752	13
1	2048848	13
1	2052944	13
1	2057040	13
1	2061136	13
1	2065232	13
1	2044752	13
1	2074832	14
1	2078928	14
1	2083024	14
1	2087120	14
1	2091216	14
1	2095312	14
1	2099408	14
1	2103504	14
1	2107600	14
1	2111696	14
1	2115792	14
1	2137712	15
1	2141808	15
1	2145904	15
1	1392200	3
1	1648616	8
1	2150000	15
1	2154096	15
1	2158192	15
1	1392200	3
1	1775824	9
1	1392200	3
1	1776008	9
1	2162288	14
1	2166384	15
1	2181328	16
1	2185424	16
1	2189520	16
1	2193616	16
1	2197712	16
1	2201808	16
1	2205904	16
1	2210000	16
1	2214096	16
1	2218192	16
1	1392200	3
1	1776192	9
1	2218192	16
1	2222288	16
1	1392200	3
1	1776376	9
1	2226384	16
1	1392200	3
1	1776560	9
1	2230480	16
1	2234576	16
1	2238672	16
1	1392200	3
1	1776744	9
1	2234576	16
1	2242768	16
1	2234576	16
1	2246864	16
1	2250960	16
1	2255056	16
1	2259152	16
1	2263248	16
1	2234576	16
1	2259152	16
1	2234576	16
1	2267344	16
1	2271440	16
1	2275536	16
1	2279632	16
1	2234576	16
1	2283728	16
1	2287824	16
1	2291920	16
1	2291920	16
1	2296016	16
1	2300112	16
1	2304208	16
1	2291920	16
1	2291920	16
1	2308304	16
1	2308304	16
1	2312400	16
1	2316496	16
1	2320592	16
1	2308304	16
1	2308304	16
1	2324688	16
1	2328784	16
1	2328784	16
1	2332880	16
1	2336976	16
1	2341072	16
1	2328784	16
1	2328784	16
1	2345168	16
1	2349264	16
1	2328784	16
1	2328784	16
1	2353360	16
1	2353360	16
1	2353360	16
1	2357456	16
1	2353360	16
1	2361552	16
1	2365648	16
1	2387280	16
1	2353360	16
1	1392200	3
1	1776928	9
1	1392200	3
1	1848272	10
1	2391376	16
1	2395472	16
1	2395472	16
1	2395472	16
1	2399568	16
1	2395472	16
1	2403664	16
1	2407760	16
1	2411856	16
1	2403664	16
1	1392200	3
1	1848456	10
1	2415952	16
1	1392200	3
1	1848640	10
1	2420048	16
1	2424144	16
1	2428240	16
1	2403664	16
1	2432336	16
1	2436432	16
1	2403664	16
1	2403664	16
1	2440528	16
1	2444624	16
1	2448720	16
1	2403664	16
1	1392200	3
1	1848824	10
1	2452816	16
1	2456912	16
1	2461008	16
1	2465104	16
1	2469200	16
1	2452816	16
1	2452816	16
1	2473296	16
1	1392200	3
1	1849008	10
1	2473296	16
1	2477392	16
1	2473296	16
1	2481488	16
1	2473296	16
1	2473296	16
1	2485584	16
1	2489680	16
1	2493776	16
1	2497872	16
1	2501968	16
1	2506064	16
1	2510160	16
1	2514256	16
1	2518352	16
1	2522448	16
1	2526544	16
1	2530640	16
1	2530640	16
1	2534736	16
1	2530640	16
1	2530640	16
1	2538832	16
1	2530640	16
1	2542928	16
1	2547024	16
1	2551120	16
1	2555216	16
1	2559312	16
1	2563408	16
1	2567504	16
1	2571600	16
1	2575696	16
1	2579792	16
1	2485584	16
1	2583888	16
1	2587984	16
1	2592080	16
1	2583888	16
1	2583888	16
1	2596176	16
1	2596176	16
1	2600272	16
1	2600272	16
1	2604368	16
1	2608464	16
1	2612560	16
1	2616656	16
1	2612560	16
1	2620752	16
1	2624848	16
1	2628944	16
1	2633040	16
1	2624848	16
1	2637136	16
1	2641232	16
1	2645328	16
1	2649424	16
1	2653520	16
1	2657616	16
1	2661712	16
1	1392200	3
1	1849192	10
1	2657616	16
1	2665808	16
1	2665808	16
1	2669904	16
1	2674000	16
1	2678096	16
1	2669904	16
1	1392200	3
1	1849376	10
1	2682192	16
1	2686288	16
1	2682192	16
1	2682192	16
1	2690384	16
1	2682192	16
1	2682192	16
1	2682192	16
1	2694480	16
1	2682192	16
1	2698576	16
1	2702672	16
1	2682192	16
1	2706768	16
1	2682192	16
1	2710864	16
1	2714960	16
1	2682192	16
1	2682192	16
1	2719056	16
1	2682192	16
1	2723152	16
1	2727248	16
1	2731344	16
1	2735440	16
1	2682192	16
1	2739536	16
1	2743632	16
1	1392200	3
1	1849560	10
1	2747728	16
1	2751824	16
1	2755920	16
1	2760016	16
1	2764112	16
1	2768208	16
1	2772304	16
1	2776400	16
1	2780496	16
1	2784592	16
1	2788688	16
1	2792784	16
1	2796880	16
1	2800976	16
1	2796880	16
1	2805072	16
1	2809168	16
1	2813264	16
1	2817360	16
1	2821456	16
1	2825552	16
1	2829648	16
1	2833744	16
1	2837840	16
1	2841936	16
1	2846032	16
1	2850128	16
1	2854224	16
1	2796880	16
1	1392200	3
1	1849744	10
1	1392200	3
1	1849928	10
1	2858320	16
1	2862416	16
1	2866512	16
1	2870608	16
1	2874704	16
1	2878800	16
1	2882896	16
1	2886992	16
1	2891088	16
1	2895184	16
1	2874704	16
1	2882896	16
1	2899280	16
1	2903376	16
1	1392200	3
1	1850112	10
1	2907472	16
1	2911568	16
1	2915664	16
1	2915664	16
1	2919760	16
1	2923856	16
1	1392200	3
1	1850296	10
1	2915664	16
1	2927952	16
1	2932048	16
1	2936144	16
1	2940240	16
1	2944336	16
1	2948432	16
1	2952528	16
1	2956624	16
1	2960720	16
1	2964816	16
1	2968912	16
1	2739536	16
1	2973008	16
1	2739536	16
1	2977104	16
1	2981200	16
1	2985296	16
1	2990640	16
1	3001200	16
1	3006544	16
1	3011888	16
1	3015984	16
1	3026544	16
1	3037104	16
1	3047664	16
1	3051760	16
1	3055856	16
1	3059952	16
1	3064048	16
1	3068144	16
1	3072240	16
1	3076336	16
1	3080432	16
1	3084528	16
1	3088624	16
1	3092720	16
1	3096816	16
1	3100912	16
1	3105008	16
1	3109104	16
1	3113200	16
1	3117296	16
1	3121392	16
1	3125488	16
1	3129584	16
1	3133680	16
1	3137776	16
1	3141872	16
1	3145968	16
1	3150064	16
1	3154160	16
1	3158256	16
1	3162352	16
1	3166448	16
1	3170544	16
1	3174640	16
1	3178736	16
1	3182832	16
1	3186928	16
1	3191024	16
1	3195120	16
1	3199216	16
1	1605200	8
1	1628368	9
1	1640656	9
1	1652944	10
1	1628368	9
1	1640656	9
1	1652944	10
1	1657040	10
1	1661136	10
1	1669328	10
1	1640656	9
1	1652944	10
1	1392200	3
1	1657040	9
1	1657224	10
1	1669328	11
1	1673424	11
1	1657224	10
1	1669328	11
1	1392200	3
1	1661320	9
1	1392200	3
1	1661504	9
1	1673424	11
1	1677520	11
1	1392200	3
1	1661688	9
1	1392200	3
1	1661872	9
1	1392200	3
1	1662056	9
1	1392200	3
1	1662240	9
1	1392200	3
1	1662424	9
1	1681616	11
1	1392200	3
1	1662608	9
1	1392200	3
1	1662792	9
1	1685712	10
1	1392200	3
1	1662976	9
1	1689808	11
1	1706192	11
1	1710288	11
1	1714384	11
1	1718480	11
1	1722576	11
1	1718480	11
1	1730768	11
1	1734864	11
1	1738960	11
1	1743056	11
1	1718480	11
1	1747152	11
1	1751248	11
1	1755344	11
1	1759440	11
1	1763536	11
1	1767632	11
1	1771728	11
1	1785424	12
1	1767632	11
1	1789520	12
1	1801808	12
1	1805904	12
1	1810000	12
1	1814096	12
1	1818192	12
1	1822288	12
1	1826384	12
1	1830480	12
1	1673424	11
1	1392200	3
1	1663160	9
1	1677520	11
1	1392200	3
1	1663344	9
1	1681616	11
1	1685712	11
1	1689808	11
1	1706192	11
1	1710288	11
1	1714384	11
1	1718480	11
1	1722576	11
1	1730768	11
1	1734864	11
1	1738960	11
1	1689808	11
1	1743056	11
1	1747152	11
1	1673424	11
1	1677520	11
1	1392200	3
1	1663528	9
1	1681616	11
1	1685712	11
1	1689808	11
1	1706192	11
1	1710288	11
1	1714384	11
1	1718480	11
1	1722576	11
1	1730768	11
1	1734864	11
1	1738960	11
1	1743056	11
1	1743056	11
1	1751248	11
1	1392200	3
1	1663712	9
1	1677520	11
1	1681616	11
1	1685712	11
1	1689808	11
1	1706192	11
1	1710288	11
1	1714384	11
1	1718480	11
1	1722576	11
1	1685712	11
1	1689808	11
1	1392200	3
1	1663896	9
1	1706192	11
1	1392200	3
1	1664080	9
1	1710288	11
1	1714384	11
1	1718480	11
1	1722576	11
1	1730768	11
1	1734864	11
1	1738960	11
1	1743056	11
1	1755344	11
1	1759440	11
1	1763536	11
1	1771728	11
1	1392200	3
1	1664264	9
1	1785424	12
1	1789520	12
1	1801808	12
1	1805904	12
1	1810000	12
1	1814096	12
1	1818192	12
1	1822288	12
1	1392200	3
1	1664448	9
1	1392200	3
1	1664632	9
1	1826384	12
1	1838672	12
1	1842768	12
1	1859152	14
1	1863248	14
1	1867344	14
1	1392200	3
1	1664816	9
1	1871440	14
1	1392200	3
1	1665000	9
1	1875536	14
1	1392200	3
1	1846864	11
1	1879632	14
1	1392200	3
1	1847048	11
1	1883728	14
1	1887824	14
1	1891920	14
1	1897424	14
1	1901520	14
1	1912400	15
1	1916496	15
1	1920592	15
1	1924688	15
1	1920592	15
1	1928784	15
1	1932880	15
1	1936976	15
1	1941072	15
1	1945168	15
1	1949264	15
1	1953360	15
1	1957456	15
1	1961552	15
1	1965648	15
1	1969744	15
1	1980624	16
1	1984720	16
1	1988816	16
1	1992912	16
1	1997008	16
1	2001104	16
1	2005200	16
1	2009296	16
1	2013392	16
1	2017488	16
1	1689808	11
1	1392200	3
1	1706192	10
1	1392200	3
1	1706376	10
1	1706560	10
1	1710656	11
1	1714752	11
1	1718848	11
1	1730768	12
1	1734864	12
1	1706560	11
1	1710656	11
1	1714752	11
1	1392200	3
1	1718848	10
1	1392200	3
1	1719032	10
1	1392200	3
1	1719216	10
1	1719400	11
1	1730768	12
1	1734864	12
1	1738960	12
1	1743056	12
1	1755344	12
1	1759440	12
1	1714752	11
1	1719400	11
1	1730768	12
1	1392200	3
1	1723496	10
1	1734864	12
1	1738960	12
1	1743056	12
1	1755344	12
1	1759440	12
1	1759440	12
1	1763536	12
1	1771728	12
1	1785424	13
1	1789520	13
1	1801808	13
1	1805904	13
1	1810000	13
1	1814096	13
1	1818192	13
1	1822288	13
1	1719400	11
1	1392200	3
1	1723680	10
1	1392200	3
1	1723864	10
1	1734864	12
1	1738960	12
1	1743056	12
1	1755344	12
1	1392200	3
1	1724048	10
1	1759440	12
1	1763536	12
1	1771728	12
1	1734864	12
1	1738960	12
1	1392200	3
1	1724232	10
1	1392200	3
1	1724416	10
1	1743056	12
1	1755344	12
1	1759440	12
1	1763536	12
1	1785424	13
1	1789520	13
1	1801808	13
1	1805904	13
1	1810000	13
1	1810000	13
1	1814096	13
1	1818192	13
1	1822288	13
1	1826384	13
1	1838672	13
1	1859152	15
1	1863248	15
1	1867344	15
1	1871440	15
1	1875536	15
1	1879632	15
1	1883728	15
1	1887824	15
1	1891920	15
1	1896016	15
1	1900112	15
1	1904208	15
1	1912400	15
1	1916496	15
1	1920592	15
1	1924688	15
1	1930192	15
1	1934288	15
1	1938384	15
1	1942480	15
1	1946576	15
1	1950672	15
1	1954768	15
1	1958864	15
1	1958864	15
1	1958864	15
1	1962960	15
1	1958864	15
1	1958864	15
1	1967056	15
1	1958864	15
1	1971152	15
1	1980624	16
1	1984720	16
1	1988816	16
1	1992912	16
1	1997008	16
1	2001104	16
1	2005200	16
1	2009296	16
1	1392200	3
1	1724600	10
1	2021584	16
1	2025680	16
1	2029776	16
1	2033872	16
1	2037968	16
1	2042064	16
1	2046160	16
1	2050256	16
1	2050256	16
1	2054352	16
1	2058448	16
1	2074832	17
1	2078928	17
1	2083024	17
1	2087120	17
1	2091216	17
1	2095312	17
1	2099408	17
1	2107600	17
1	2111696	17
1	2115792	17
1	2137712	18
1	2141808	18
1	2145904	18
1	2150000	18
1	2154096	18
1	2158192	18
1	1738960	12
1	1743056	12
1	1392200	3
1	1724784	10
1	1392200	3
1	1724968	10
1	1392200	3
1	1725152	10
1	1755344	12
1	1392200	3
1	1725336	10
1	1392200	3
1	1725520	10
1	1759440	12
1	1763536	12
1	1785424	13
1	1789520	13
1	1392200	3
1	1725704	10
1	1801808	13
1	1805904	13
1	1810000	13
1	1814096	13
1	1818192	13
1	1822288	13
1	1826384	13
1	1838672	13
1	1859152	15
1	1863248	15
1	1867344	15
1	1871440	15
1	1879632	15
1	1883728	15
1	1887824	15
1	1891920	15
1	1738960	12
1	1743056	12
1	1392200	3
1	1725888	10
1	1759440	12
1	1763536	12
1	1785424	13
1	1789520	13
1	1801808	13
1	1805904	13
1	1810000	13
1	1759440	12
1	1392200	3
1	1726072	10
1	1763536	12
1	1392200	3
1	1726256	10
1	1785424	13
1	1392200	3
1	1726440	10
1	1392200	3
1	1789520	12
1	1801808	14
1	1392200	3
1	1789704	12
1	1805904	14
1	1814096	14
1	1392200	3
1	1789888	12
1	1818192	14
1	1822288	14
1	1826384	14
1	1838672	14
1	1859152	16
1	1863248	16
1	1867344	16
1	1871440	16
1	1838672	14
1	1867344	16
1	1879632	16
1	1883728	16
1	1887824	16
1	1896016	16
1	1763536	12
1	1785424	13
1	1392200	3
1	1790072	12
1	1801808	14
1	1392200	3
1	1790256	12
1	1392200	3
1	1790440	12
1	1392200	3
1	1790624	12
1	1805904	14
1	1392200	3
1	1790808	12
1	1814096	14
1	1818192	14
1	1822288	14
1	1392200	3
1	1790992	12
1	1392200	3
1	1791176	12
1	1392200	3
1	1791360	12
1	1826384	13
1	1838672	14
1	1392200	3
1	1791544	12
1	1859152	16
1	1392200	3
1	1791728	12
1	1863248	16
1	1867344	16
1	1871440	16
1	1879632	16
1	1883728	16
1	1887824	16
1	1896016	16
1	1900112	16
1	1904208	16
1	1912400	16
1	1392200	3
1	1791912	12
1	1916496	16
1	1920592	16
1	1924688	16
1	1392200	3
1	1792096	12
1	1928784	16
1	1932880	16
1	1924688	16
1	1936976	16
1	1941072	16
1	1945168	16
1	1949264	16
1	1953360	16
1	1957456	16
1	1961552	16
1	1965648	16
1	1392200	3
1	1792280	12
1	1969744	16
1	1980624	17
1	1984720	17
1	1988816	17
1	1992912	17
1	1998416	17
1	2002512	17
1	2006608	17
1	1392200	3
1	1792464	12
1	2021584	18
1	2025680	18
1	2029776	18
1	2033872	18
1	1392200	3
1	1792648	12
1	2037968	18
1	2042064	18
1	2046160	18
1	2050256	18
1	2054352	18
1	2058448	18
1	2062544	18
1	2066640	18
1	2074832	18
1	2078928	18
1	2083024	18
1	2087120	18
1	2091216	18
1	2095312	18
1	2099408	18
1	2107600	18
1	2111696	18
1	2115792	18
1	2137712	19
1	2141808	19
1	2145904	19
1	2150000	19
1	2162288	19
1	2166384	19
1	2181328	20
1	2162288	19
1	2185424	20
1	2189520	20
1	2193616	20
1	2197712	20
1	2201808	20
1	2205904	20
1	2210000	20
1	2214096	20
1	2218192	20
1	2222288	20
1	2226384	20
1	2230480	20
1	2234576	20
1	2234576	20
1	1392200	3
1	1792832	12
1	1392200	3
1	1793016	12
1	2238672	20
1	2242768	20
1	2246864	20
1	2257744	20
1	2261840	20
1	2265936	20
1	2270032	20
1	2274128	20
1	2278224	20
1	2282320	20
1	2286416	20
1	2290512	20
1	2294608	20
1	2298704	20
1	2302800	20
1	2312400	21
1	2316496	21
1	2320592	21
1	2324688	21
1	2328784	21
1	2332880	21
1	2336976	21
1	2341072	21
1	2345168	21
1	1785424	13
1	1801808	14
1	1392200	3
1	1793200	12
1	1805904	14
1	1814096	14
1	1818192	14
1	1822288	14
1	1826384	14
1	1826384	14
1	1838672	14
1	1859152	16
1	1863248	16
1	1867344	16
1	1871440	16
1	1879632	16
1	1883728	16
1	1801808	14
1	1805904	14
1	1392200	3
1	1793384	12
1	1392200	3
1	1814096	13
1	1814280	14
1	1818376	14
1	1822472	14
1	1838672	15
1	1859152	17
1	1863248	17
1	1867344	17
1	1871440	17
1	1879632	17
1	1814280	14
1	1818376	14
1	1822472	14
1	1838672	15
1	1859152	17
1	1863248	17
1	1392200	3
1	1826568	13
1	1859152	17
1	1867344	17
1	1859152	17
1	1871440	17
1	1879632	17
1	1887824	17
1	1879632	17
1	1896016	17
1	1879632	17
1	1900112	17
1	1818376	14
1	1822472	14
1	1392200	3
1	1826752	13
1	1838672	15
1	1392200	3
1	1826936	13
1	1392200	3
1	1827120	13
1	1392200	3
1	1827304	13
1	1859152	17
1	1863248	17
1	1867344	17
1	1871440	17
1	1879632	17
1	1887824	17
1	1896016	17
1	1900112	17
1	1904208	17
1	1912400	17
1	1838672	15
1	1859152	17
1	1863248	17
1	1867344	17
1	1392200	3
1	1827488	13
1	1871440	17
1	1879632	17
1	1887824	17
1	1896016	17
1	1900112	17
1	1904208	17
1	1859152	17
1	1863248	17
1	1871440	17
1	1879632	17
1	1887824	17
1	1863248	17
1	1871440	17
1	1879632	17
1	1392200	3
1	1827672	13
1	1887824	16
1	1392200	3
1	1827856	13
1	1392200	3
1	1828040	13
1	1392200	3
1	1828224	13
1	1896016	17
1	1392200	3
1	1828408	13
1	1900112	17
1	1904208	17
1	1912400	17
1	1916496	17
1	1879632	17
1	1392200	3
1	1828592	13
1	1887824	17
1	1896016	17
1	1900112	17
1	1912400	17
1	1916496	17
1	1887824	17
1	1896016	17
1	1392200	3
1	1828776	13
1	1392200	3
1	1828960	13
1	1900112	17
1	1392200	3
1	1829144	13
1	1912400	17
1	1916496	17
1	1920592	17
1	1896016	17
1	1900112	17
1	1392200	3
1	1829328	13
1	1912400	17
1	1916496	17
1	1920592	17
1	1924688	17
