1	24	0
1	2088	0
1	4152	0
1	4224	0
1	8320	0
1	12416	0
1	16512	0
1	20608	0
1	24704	0
1	28800	0
1	29832	0
1	30360	0
1	31392	0
1	31464	0
1	35560	0
1	35656	0
1	39752	0
1	43848	0
1	47944	0
1	52040	0
1	56136	0
1	60232	0
1	64328	0
1	68424	0
1	72520	0
1	72584	0
1	72648	0
1	72712	0
1	72776	0
1	72840	0
1	72904	0
1	72968	0
1	73032	0
1	73096	0
1	77192	0
1	77672	0
1	78152	0
1	78632	0
1	79112	0
1	79592	0
1	80072	0
1	80552	0
1	81032	0
1	81512	0
1	81992	0
1	82472	0
1	82952	0
1	83432	0
1	83912	0
1	84392	0
1	84872	0
1	85352	0
1	85832	0
1	86312	0
1	86792	0
1	87272	0
1	87752	0
1	88232	0
1	88712	0
1	89192	0
1	89672	0
1	90152	0
1	90632	0
1	91112	0
1	91592	0
1	92072	0
1	92552	0
1	93032	0
1	93512	0
1	93992	0
1	94472	0
1	94952	0
1	95432	0
1	95912	0
1	96392	0
1	96432	0
1	96472	0
1	96512	0
1	96552	0
1	100648	0
1	100688	0
1	100728	0
1	100768	0
1	100808	0
1	100848	0
1	100888	0
1	100928	0
1	100968	0
1	101008	0
1	101048	0
1	101088	0
1	101128	0
1	101168	0
1	101208	0
1	101248	0
1	101288	0
1	101328	0
1	101368	0
1	101408	0
1	101448	0
1	101488	0
1	101528	0
1	101568	0
1	101608	0
1	101648	0
1	101688	0
1	101728	0
1	101768	0
1	101808	0
1	101848	0
1	101888	0
1	101928	0
1	101968	0
1	102008	0
1	102048	0
1	102088	0
1	102128	0
1	102168	0
1	102208	0
1	102248	0
1	102288	0
1	102328	0
1	102368	0
1	102408	0
1	102448	0
1	102488	0
1	102528	0
1	102568	0
1	102608	0
1	102648	0
1	102688	0
1	102728	0
1	102768	0
1	102808	0
1	102848	0
1	102888	0
1	102928	0
1	102968	0
1	103008	0
1	103048	0
1	103088	0
1	103128	0
1	103168	0
1	103208	0
1	103248	0
1	103288	0
1	103328	0
1	103368	0
1	103408	0
1	103448	0
1	103488	0
1	103528	0
1	103568	0
1	103608	0
1	103648	0
1	103688	0
1	103728	0
1	103768	0
1	103808	0
1	103848	0
1	103888	0
1	103928	0
1	103968	0
1	104008	0
1	104048	0
1	104088	0
1	104128	0
1	104168	0
1	104208	0
1	104248	0
1	104288	0
1	104328	0
1	104368	0
1	104408	0
1	104448	0
1	104488	0
1	104528	0
1	104568	0
1	104608	0
1	104648	0
1	104688	0
1	104728	0
1	104768	0
1	104808	0
1	104848	0
1	104888	0
1	104928	0
1	104968	0
1	105008	0
1	105048	0
1	105088	0
1	105128	0
1	105168	0
1	105208	0
1	105248	0
1	105288	0
1	105328	0
1	105368	0
1	105408	0
1	105448	0
1	105488	0
1	105528	0
1	105568	0
1	105608	0
1	105648	0
1	105688	0
1	105728	0
1	105768	0
1	109864	0
1	109864	0
1	113960	0
1	118056	0
1	122152	0
1	126248	0
1	130344	0
1	134440	0
1	138536	0
1	142632	0
1	146728	0
1	146768	0
1	146800	0
1	146872	0
1	146920	0
1	155152	0
1	163384	0
1	163488	0
1	167584	0
1	171680	0
1	171776	0
1	175872	0
1	179968	0
1	184064	0
1	188160	0
1	192256	0
1	196352	0
1	200448	0
1	204544	0
1	208640	0
1	212736	0
1	216832	0
1	220928	0
1	225024	0
1	229120	0
1	233216	0
1	237312	0
1	241408	0
1	245504	0
1	249600	0
1	253696	0
1	257792	0
1	261888	0
1	265984	0
1	270080	0
1	274176	0
1	278272	0
1	282368	0
1	286464	0
1	290560	0
1	294656	0
1	298752	0
1	302848	0
1	306944	0
1	311040	0
1	315136	0
1	319232	0
1	323328	0
1	327424	0
1	331520	0
1	335616	0
1	339712	0
1	343808	0
1	347904	0
1	352000	0
1	356096	0
1	360192	0
1	364288	0
1	368384	0
1	372480	0
1	376576	0
1	380672	0
1	384768	0
1	388864	0
1	392960	0
1	397056	0
1	401152	0
1	405248	0
1	409344	0
1	413440	0
1	417536	0
1	421632	0
1	425728	0
1	429824	0
1	433920	0
1	438016	0
1	442112	0
1	446208	0
1	450304	0
1	454400	0
1	458496	0
1	462592	0
1	466688	0
1	470784	0
1	474880	0
1	478976	0
1	483072	0
1	487168	0
1	491264	0
1	495360	0
1	499456	0
1	503552	0
1	507648	0
1	511744	0
1	515840	0
1	519936	0
1	524032	0
1	528128	0
1	532224	0
1	536320	0
1	540416	0
1	544512	0
1	548608	0
1	552704	0
1	556800	0
1	556896	0
1	556800	0
1	557080	0
1	557264	1
1	556800	0
1	561360	0
1	556800	0
1	561544	0
1	556800	0
1	561728	0
1	556800	0
1	561912	0
1	562096	1
1	556800	0
1	566192	0
1	556800	0
1	566376	0
1	566560	1
1	556800	0
1	570656	0
1	556800	0
1	570840	0
1	571024	1
1	575120	1
1	556800	0
1	579216	0
1	556800	0
1	579400	0
1	579584	1
1	556800	0
1	583680	0
1	583864	0
1	584008	0
1	584152	0
1	584008	0
1	584200	0
1	584008	0
1	584248	0
1	584008	0
1	584296	0
1	584008	0
1	583864	1
1	556800	0
1	587960	0
1	556800	0
1	588144	0
1	556800	0
1	588328	0
1	556800	0
1	588512	0
1	556800	0
1	588696	0
1	556800	0
1	588880	0
1	556800	0
1	589064	0
1	556800	0
1	589248	0
1	589432	1
1	556800	0
1	593528	0
1	556800	0
1	593712	0
1	593896	1
1	597992	1
1	602088	1
1	556800	0
1	606184	0
1	606368	1
1	610464	1
1	614560	1
1	618656	1
1	622752	1
1	626848	1
1	556800	0
1	630944	0
1	631128	1
1	635224	1
1	556800	0
1	639320	0
1	639504	0
1	639648	0
1	639792	0
1	639648	0
1	639840	0
1	639648	0
1	639888	0
1	639648	0
1	639936	0
1	639648	0
1	639984	0
1	639648	0
1	640032	0
1	644128	0
1	639648	0
1	644176	0
1	639648	0
1	644224	0
1	648320	0
1	639648	0
1	648368	0
1	639648	0
1	648416	0
1	639648	0
1	648464	0
1	648512	0
1	639648	0
1	652608	0
1	639648	0
1	652656	0
1	639648	0
1	652704	0
1	639648	0
1	652752	0
1	656848	0
1	660944	0
1	639648	0
1	660992	0
1	661040	0
1	639648	0
1	665136	0
1	639648	0
1	665184	0
1	639648	0
1	665232	0
1	639504	1
1	556800	0
1	643600	0
1	643784	1
1	556800	0
1	647880	0
1	648064	1
1	556800	0
1	652160	0
1	660944	1
1	656256	0
1	656352	0
1	656256	0
1	656536	0
1	665040	2
1	656256	0
1	669136	1
1	656256	0
1	669320	1
1	669504	2
1	656256	0
1	673600	1
1	656256	0
1	673784	1
1	673968	2
1	656256	0
1	678064	1
1	656256	0
1	678248	1
1	656256	0
1	678432	1
1	656256	0
1	678616	1
1	656256	0
1	678800	1
1	656256	0
1	678984	1
1	679168	2
1	656256	0
1	683264	1
1	656256	0
1	683448	1
1	656256	0
1	683632	1
1	687728	1
1	691824	1
1	695920	1
1	700016	1
1	704112	1
1	656720	0
1	708208	1
1	712304	1
1	712400	1
1	716496	1
1	716592	1
1	720688	1
1	724784	1
1	720688	1
1	728880	1
1	732976	1
1	737072	1
1	741168	1
1	745264	1
1	749360	1
1	753456	1
1	757552	1
1	761648	1
1	728880	1
1	765744	1
1	769840	1
1	773936	1
1	778032	1
1	782128	1
1	782224	1
1	782408	2
1	786504	2
1	790600	2
1	794696	2
1	800200	2
1	804296	2
1	808392	2
1	812488	2
1	816584	2
1	820680	2
1	778032	1
1	824776	2
1	828872	2
1	832968	2
1	837064	2
1	841160	2
1	845256	2
1	849352	2
1	853448	2
1	857544	2
1	861640	2
1	865736	2
1	869832	2
1	873928	2
1	878024	2
1	882120	2
1	886216	2
1	890312	2
1	894408	2
1	898504	2
1	894408	2
1	902600	2
1	906696	2
1	910792	2
1	914888	2
1	918984	2
1	782128	1
1	923080	1
1	923264	1
1	927360	2
1	782128	1
1	931456	1
1	931552	1
1	935648	1
1	935936	1
1	910792	1
1	940032	1
1	944128	1
1	955008	1
1	959104	1
1	963200	1
1	967296	1
1	963200	1
1	971392	1
1	975488	1
1	975488	1
1	979584	1
1	983680	1
1	987776	1
1	991872	1
1	995968	1
1	991872	1
1	1000064	1
1	1004160	1
1	1008256	1
1	1012352	1
1	1016448	1
1	1020544	1
1	1012352	1
1	1012352	1
1	1012352	1
1	1024640	1
1	1012352	1
1	1012352	1
1	1028736	1
1	1012352	1
1	1032832	1
1	1036928	1
1	1041024	1
1	1045120	1
1	1049216	1
1	1053312	1
1	1057408	1
1	1045120	1
1	1061504	1
1	1065600	1
1	1069696	1
1	1069792	1
1	1069976	2
1	1074072	2
1	1078168	2
1	1082264	2
1	1086360	2
1	1090456	2
1	1094552	2
1	1098648	2
1	1102744	2
1	1106840	2
1	1110936	2
1	1115032	2
1	1119128	2
1	1123224	2
1	1127320	2
1	1131416	2
1	1135512	2
1	1139608	2
1	1143704	2
1	1147800	2
1	1151896	2
1	1155992	2
1	1160088	2
1	1102744	2
1	1164184	2
1	1168280	2
1	1172376	2
1	1194008	2
1	1198104	2
1	1202200	2
1	1069696	1
1	1206296	1
1	1206480	2
1	1210576	2
1	1214672	2
1	1069696	1
1	1218768	1
1	1218952	2
1	1223048	2
1	1227144	2
1	1231240	2
1	1235336	2
1	1239432	2
1	1243528	2
1	1247624	2
1	1251720	2
1	1069696	1
1	1255816	1
1	1256000	2
1	1069696	1
1	1260096	1
1	1069696	1
1	1260280	1
1	1069696	1
1	1260464	1
1	1260648	2
1	1264744	2
1	1268840	2
1	1272936	2
1	1069696	1
1	1277032	1
1	1069696	1
1	1277216	1
1	1277400	2
1	1069696	1
1	1281496	1
1	1281680	2
1	1285776	2
1	1289872	2
1	1293968	2
1	1069696	1
1	1298064	1
1	1298248	2
1	1302344	2
1	1306440	2
1	1310536	2
1	1069696	1
1	1314632	1
1	1314816	2
1	1318912	2
1	1323008	2
1	1327104	2
1	1331200	2
1	1069696	1
1	1335296	1
1	1335480	2
1	1339576	2
1	1343672	2
1	1347768	2
1	1351864	2
1	1355960	2
1	1360056	2
1	1364152	2
1	1069696	1
1	1368248	1
1	1368432	2
1	1069696	1
1	1372528	1
1	1372712	2
1	1376808	2
1	1380904	2
1	1376808	2
1	1385000	2
1	1389096	2
1	1376808	2
1	1393192	2
1	1376808	2
1	1397288	2
1	1401384	2
1	1376808	2
1	1405480	2
1	1376808	2
1	1409576	2
1	1376808	2
1	1413672	2
1	1417768	2
1	1421864	2
1	1425960	2
1	1430056	2
1	1434152	2
1	1438248	2
1	1442344	2
1	1446440	2
1	1450536	2
1	1454632	2
1	1458728	2
1	1454632	2
1	1462824	2
1	1466920	2
1	1454632	2
1	1471016	2
1	1475112	2
1	1069696	1
1	1479208	1
1	1479392	2
1	1483488	2
1	1487584	2
1	1491680	2
1	1495776	2
1	1499872	2
1	1503968	2
1	1508064	2
1	1512160	2
1	1516256	2
1	1520352	2
1	1524448	2
1	1528544	2
1	1533000	2
1	1541784	2
1	1546240	2
1	1550696	2
1	1554792	2
1	1563576	2
1	1572360	2
1	1581144	2
1	1585240	2
1	1589336	2
1	1593432	2
1	1597528	2
1	1601624	2
1	1605720	2
1	1609816	2
1	1613912	2
1	1618008	2
1	1622104	2
1	1626200	2
1	1630296	2
1	1634392	2
1	1638488	2
1	1642584	2
1	1646680	2
1	1650776	2
1	1654872	2
1	1658968	2
1	1663064	2
1	1667160	2
1	1671256	2
1	1675352	2
1	1679448	2
1	1683544	2
1	1687640	2
1	1691736	2
1	652160	0
1	660944	1
1	665040	1
1	665136	1
1	669504	3
1	673968	3
1	683632	3
1	687728	3
1	691824	3
1	695920	3
1	700016	3
1	704112	3
1	708208	3
1	660944	1
1	669504	3
1	673968	3
1	683632	3
1	687728	3
1	691824	3
1	695920	3
1	700016	3
1	704112	3
1	712400	3
1	716592	3
1	669504	3
1	673968	3
1	683632	3
1	665040	1
1	665320	1
1	665040	1
1	665504	1
1	687728	3
1	691824	3
1	695920	3
1	700016	3
1	704112	3
1	712400	3
1	673968	3
1	683632	3
1	665040	1
1	665688	1
1	665040	1
1	665872	1
1	687728	3
1	691824	3
1	695920	3
1	700016	3
1	704112	3
1	712400	3
1	716592	3
1	720688	3
1	687728	3
1	691824	3
1	695920	3
1	700016	3
1	704112	3
1	712400	3
1	716592	3
1	724784	3
1	728880	3
1	732976	3
1	737072	3
1	741168	3
1	745264	3
1	749360	3
1	753456	3
1	728880	3
1	741168	3
1	757552	3
1	761648	3
1	691824	3
1	695920	3
1	665040	1
1	666056	1
1	665040	1
1	666240	1
1	665040	1
1	666424	1
1	665040	1
1	666608	1
1	665040	1
1	666792	1
1	700016	3
1	704112	3
1	712400	3
1	716592	3
1	724784	3
1	728880	3
1	732976	3
1	737072	3
1	741168	3
1	745264	3
1	749360	3
1	753456	3
1	757552	3
1	765744	3
1	769840	3
1	773936	3
1	778032	3
1	782408	3
1	786504	3
1	790600	3
1	790600	3
1	794696	3
1	798792	3
1	794696	3
1	802888	3
1	806984	3
1	812488	3
1	816584	3
1	820680	3
1	824776	3
1	828872	3
1	832968	3
1	837064	3
1	841160	3
1	845256	3
1	849352	3
1	853448	3
1	857544	3
1	861640	3
1	865736	3
1	869832	3
1	873928	3
1	878024	3
1	882120	3
1	886216	3
1	890312	3
1	894408	3
1	898504	3
1	902600	3
1	665040	1
1	666976	1
1	906696	3
1	665040	1
1	910792	2
1	667160	1
1	667256	1
1	914888	2
1	918984	3
1	923264	3
1	927360	3
1	931552	3
1	935936	3
1	667160	1
1	667440	1
1	940032	3
1	944128	3
1	955008	3
1	959104	3
1	963200	3
1	967296	3
1	971392	3
1	975488	3
1	979584	3
1	983680	3
1	987776	3
1	995968	3
1	1000064	3
1	1004160	3
1	995968	3
1	1008256	3
1	1012352	3
1	1016448	3
1	1012352	3
1	1020544	3
1	1024640	3
1	1028736	3
1	1032832	3
1	1036928	3
1	1041024	3
1	1045120	3
1	1049216	3
1	1053312	3
1	1057408	3
1	1061504	3
1	1065600	3
1	1069976	4
1	1074072	4
1	1078168	4
1	1082264	4
1	1086360	4
1	1090456	4
1	1094552	4
1	1098648	4
1	1102744	4
1	667160	1
1	667624	1
1	667160	1
1	667808	1
1	667160	1
1	667992	1
1	1106840	4
1	1110936	4
1	1115032	4
1	667160	1
1	1119128	3
1	1123224	3
1	1119128	3
1	668176	1
1	668272	1
1	668176	1
1	668456	1
1	668176	1
1	668640	1
1	1127320	4
1	668176	1
1	668824	1
1	668176	1
1	669008	1
1	1131416	3
1	1131416	3
1	1135512	3
1	1139608	3
1	1135512	3
1	1135512	3
1	1143704	3
1	1135512	3
1	1135512	3
1	1147800	3
1	1135512	3
1	1151896	3
1	1155992	3
1	1160088	3
1	1164184	3
1	1168280	3
1	1069696	2
1	1172376	2
1	1164184	2
1	1164184	2
1	1176472	2
1	1180568	2
1	1184664	2
1	1188760	2
1	1192856	2
1	1192952	2
1	1180568	2
1	1151896	2
1	1197048	2
1	1201144	2
1	1218952	4
1	1206480	3
1	1210576	3
1	1214672	3
1	1240584	3
1	1244680	3
1	1248776	3
1	1214672	3
1	1240584	3
1	1256000	4
1	1260648	4
1	1264744	4
1	1268840	4
1	1289872	7
1	1272936	4
1	1277400	4
1	1281680	4
1	1298248	5
1	1303944	5
1	1314816	6
1	1309640	5
1	1320512	6
1	1324608	6
1	1328704	6
1	1335480	7
1	1339576	7
1	1343672	7
1	1347768	7
1	1351864	7
1	1355960	7
1	1360056	7
1	1364152	7
1	1368432	7
1	1372712	7
1	1376808	7
1	1380904	7
1	1385000	7
1	1389096	7
1	1393192	7
1	1397288	7
1	1401384	7
1	1405480	7
1	1409576	7
1	1413672	7
1	1417768	7
1	1421864	7
1	1425960	7
1	1430056	7
1	695920	2
1	700016	2
1	704112	2
1	704208	2
1	712400	4
1	704112	2
1	704392	2
1	704112	2
1	704576	2
1	716592	4
1	704112	2
1	704760	2
1	704112	2
1	704944	2
1	724784	4
1	728880	4
1	732976	4
1	737072	4
1	741168	4
1	745264	4
1	749360	4
1	753456	4
1	765744	4
1	769840	4
1	773936	4
1	778032	4
1	782408	4
1	700016	2
1	712400	4
1	704112	2
1	705128	2
1	716592	4
1	724784	4
1	728880	4
1	732976	4
1	737072	4
1	741168	4
1	745264	4
1	745264	4
1	745264	4
1	749360	4
1	753456	4
1	765744	4
1	769840	4
1	704112	2
1	705312	2
1	773936	4
1	778032	4
1	782408	4
1	778032	4
1	786504	4
1	704112	2
1	705496	2
1	705680	2
1	705824	2
1	790600	4
1	794696	4
1	798792	4
1	802888	4
1	778032	4
1	806984	4
1	704112	2
1	705680	2
1	811080	4
1	815176	4
1	819272	4
1	704112	2
1	705864	2
1	815176	4
1	823368	4
1	823368	4
1	823368	4
1	827464	4
1	832968	4
1	823368	4
1	837064	4
1	841160	4
1	845256	4
1	841160	4
1	849352	4
1	841160	4
1	704112	2
1	706048	2
1	853448	4
1	857544	4
1	861640	4
1	841160	4
1	865736	4
1	869832	4
1	865736	4
1	873928	4
1	878024	4
1	873928	4
1	882120	4
1	886216	4
1	873928	4
1	873928	4
1	873928	4
1	873928	4
1	890312	4
1	894408	4
1	873928	4
1	898504	4
1	873928	4
1	873928	4
1	902600	4
1	873928	4
1	873928	4
1	704112	2
1	706232	2
1	906696	4
1	704112	2
1	706416	2
1	910792	4
1	914888	4
1	918984	4
1	923264	4
1	927360	4
1	931552	4
1	927360	4
1	935936	4
1	927360	4
1	940032	4
1	944128	4
1	704112	2
1	706600	2
1	927360	3
1	948224	4
1	952320	4
1	956416	4
1	967296	4
1	971392	4
1	975488	4
1	979584	4
1	983680	4
1	987776	4
1	873928	4
1	995968	4
1	1000064	4
1	1004160	4
1	1008256	4
1	1012352	4
1	1016448	4
1	704112	2
1	706784	2
1	1020544	4
1	1024640	4
1	1028736	4
1	1032832	4
1	1036928	4
1	1041024	4
1	873928	4
1	1045120	4
1	1049216	4
1	873928	4
1	1053312	4
1	1057408	4
1	1061504	4
1	1065600	4
1	1069976	4
1	1074072	4
1	1078168	4
1	1082264	4
1	1086360	4
1	1090456	4
1	1094552	4
1	1098648	4
1	1102744	4
1	1106840	4
1	1110936	4
1	1115032	4
1	1119128	4
1	1123224	4
1	1127320	4
1	1131416	4
1	716592	4
1	704112	2
1	706968	2
1	724784	4
1	728880	4
1	704112	2
1	707152	2
1	707336	2
1	707480	2
1	707528	2
1	707576	2
1	707624	2
1	724784	3
1	707672	2
1	707720	2
1	707768	2
1	728880	3
1	707816	2
1	707864	2
1	707912	2
1	707960	2
1	732976	3
1	708008	2
1	724784	4
1	732976	4
1	704112	2
1	707336	2
1	704112	2
1	707520	2
1	737072	4
1	741168	4
1	745264	4
1	749360	4
1	753456	4
1	765744	4
1	769840	4
1	773936	4
1	778032	4
1	782408	4
1	786504	4
1	790600	4
1	794696	4
1	798792	4
1	802888	4
1	806984	4
1	811080	4
1	815176	4
1	819272	4
1	823368	4
1	827464	4
1	831560	4
1	835656	4
1	839752	4
1	843848	4
1	847944	4
1	852040	4
1	856136	4
1	860232	4
1	864328	4
1	868424	4
1	704112	2
1	707704	2
1	864328	4
1	872520	4
1	876616	4
1	882120	4
1	886216	4
1	872520	4
1	890312	4
1	894408	4
1	872520	4
1	898504	4
1	872520	4
1	902600	4
1	906696	4
1	910792	4
1	914888	4
1	918984	4
1	923264	4
1	927360	4
1	931552	4
1	935936	4
1	940032	4
1	944128	4
1	948224	4
1	952320	4
1	724784	4
1	732976	4
1	737072	4
1	704112	2
1	707888	2
1	704112	2
1	741168	3
1	741352	4
1	704112	2
1	745448	3
1	745632	4
1	704112	2
1	749728	3
1	749912	4
1	704112	2
1	754008	3
1	704112	2
1	754192	3
1	704112	2
1	754376	3
1	704112	2
1	754560	3
1	765744	5
1	769840	5
1	773936	5
1	778032	5
1	782408	5
1	786504	5
1	790600	5
1	794696	5
1	798792	5
1	802888	5
1	704112	2
1	754744	3
1	806984	5
1	811080	5
1	815176	5
1	819272	5
1	823368	5
1	827464	5
1	831560	5
1	835656	5
1	839752	5
1	843848	5
1	847944	5
1	852040	5
1	856136	5
1	860232	5
1	864328	5
1	868424	5
1	872520	5
1	876616	5
1	882120	5
1	886216	5
1	890312	5
1	894408	5
1	898504	5
1	902600	5
1	906696	5
1	910792	5
1	914888	5
1	918984	5
1	923264	5
1	927360	5
1	931552	5
1	935936	5
1	940032	5
1	944128	5
1	956416	5
1	960512	5
1	964608	5
1	968704	5
1	972800	5
1	976896	5
1	980992	5
1	985088	5
1	995968	6
1	1000064	6
1	1004160	6
1	1008256	6
1	1012352	6
1	1016448	6
1	1020544	6
1	1024640	6
1	1028736	6
1	1032832	6
1	1036928	6
1	1041024	6
1	1045120	6
1	1049216	6
1	1053312	6
1	1057408	6
1	1061504	6
1	1065600	6
1	1069976	6
1	1074072	6
1	1078168	6
1	1082264	6
1	1086360	6
1	1090456	6
1	1094552	6
1	1098648	6
1	1102744	6
1	741352	4
1	704112	2
1	745632	3
1	749912	5
1	765744	6
1	769840	6
1	749912	5
1	765744	6
1	769840	6
1	704112	2
1	745816	3
1	704112	2
1	746000	3
1	773936	6
1	778032	6
1	782408	6
1	765744	6
1	773936	6
1	704112	2
1	746184	3
1	778032	6
1	782408	6
1	786504	6
1	790600	6
1	794696	6
1	798792	6
1	802888	6
1	806984	6
1	704112	2
1	746368	3
1	811080	6
1	815176	6
1	819272	6
1	823368	6
1	827464	6
1	831560	6
1	835656	6
1	839752	6
1	843848	6
1	839752	6
1	839752	6
1	852040	6
1	856136	6
1	860232	6
1	864328	6
1	868424	6
1	872520	6
1	876616	6
1	880712	6
1	884808	6
1	765744	6
1	773936	6
1	778032	6
1	782408	6
1	778032	6
1	782408	6
1	704112	2
1	746552	3
1	786504	6
1	790600	6
1	794696	6
1	798792	6
1	786504	6
1	790600	6
1	794696	6
1	802888	6
1	806984	6
1	811080	6
1	815176	6
1	819272	6
1	790600	6
1	794696	6
1	802888	6
1	806984	6
1	811080	6
1	815176	6
1	819272	6
1	790600	6
1	794696	6
1	704112	2
1	746736	3
1	802888	6
1	811080	6
1	815176	6
1	819272	6
1	823368	6
1	827464	6
1	831560	6
1	835656	6
1	839752	6
1	843848	6
1	802888	6
1	811080	6
1	815176	6
1	819272	6
1	823368	6
1	827464	6
1	831560	6
1	835656	6
1	839752	6
1	827464	6
1	843848	6
1	852040	6
1	856136	6
1	860232	6
1	864328	6
1	868424	6
1	872520	6
1	815176	6
1	819272	6
1	823368	6
1	704112	2
1	746920	3
1	827464	6
1	831560	6
1	835656	6
1	839752	6
1	843848	6
1	852040	6
1	856136	6
1	860232	6
1	864328	6
1	704112	2
1	747104	3
1	868424	6
1	872520	6
1	876616	6
1	880712	6
1	888904	6
1	893000	6
1	888904	6
1	897096	6
1	901192	6
1	905288	6
1	909384	6
1	913480	6
1	917576	6
1	819272	6
1	823368	6
1	827464	6
1	831560	6
1	835656	6
1	831560	6
1	704112	2
1	747288	3
1	704112	2
1	747472	3
1	835656	6
1	839752	6
1	843848	6
1	852040	6
1	856136	6
1	860232	6
1	864328	6
1	868424	6
1	872520	6
1	876616	6
1	835656	6
1	839752	6
1	704112	2
1	747656	3
1	843848	6
1	852040	6
1	856136	6
1	860232	6
1	864328	6
1	868424	6
1	839752	6
1	843848	6
1	852040	6
1	704112	2
1	747840	3
1	856136	6
1	704112	2
1	748024	3
1	704112	2
1	748208	3
1	860232	6
1	704112	2
1	748392	3
1	864328	6
1	868424	6
1	704112	2
1	748576	3
1	872520	6
1	704112	2
1	748760	3
1	876616	6
1	880712	6
1	888904	6
1	893000	6
1	897096	6
1	901192	6
1	905288	6
1	909384	6
1	913480	6
1	917576	6
1	923264	7
1	927360	7
1	931552	7
1	927360	7
1	935936	7
1	940032	7
1	944128	7
1	940032	7
1	940032	7
1	956416	7
1	940032	7
1	940032	7
1	940032	7
1	960512	7
1	964608	7
1	970112	7
1	974208	7
1	704112	2
1	748944	3
1	978304	7
1	982400	7
1	986496	7
1	995968	8
1	1000064	8
1	1004160	8
1	1008256	8
1	1012352	8
1	1016448	8
1	1024640	8
1	1028736	8
1	1032832	8
1	1036928	8
1	1041024	8
1	1045120	8
1	852040	6
1	856136	6
1	860232	6
1	864328	6
1	868424	6
1	872520	6
1	876616	6
1	704112	2
1	749128	3
1	880712	6
1	888904	6
1	893000	6
1	897096	6
1	901192	6
1	905288	6
1	909384	6
1	913480	6
1	917576	6
1	923264	7
1	864328	6
1	868424	6
1	872520	6
1	876616	6
1	880712	6
1	888904	6
1	893000	6
1	897096	6
1	901192	6
1	905288	6
1	872520	6
1	876616	6
1	704112	2
1	749312	3
1	704112	2
1	749496	3
1	704112	2
1	754928	4
1	880712	6
1	888904	6
1	893000	6
1	897096	6
1	901192	6
1	905288	6
1	909384	6
1	897096	6
1	913480	6
1	917576	6
1	917576	6
1	923264	7
1	872520	6
1	876616	6
1	704112	2
1	755112	4
1	880712	5
1	704112	2
1	755296	4
1	888904	6
1	897096	6
1	901192	6
1	905288	6
1	909384	6
1	913480	6
1	917576	6
1	923264	7
1	923264	7
1	927360	7
1	927360	7
1	931552	7
1	935936	7
1	940032	7
1	944128	7
1	956416	7
1	960512	7
1	880712	6
1	888904	6
1	897096	6
1	704112	2
1	755480	4
1	704112	2
1	755664	4
1	704112	2
1	755848	4
1	704112	2
1	756032	4
1	901192	6
1	905288	6
1	909384	6
1	913480	6
1	917576	6
1	923264	7
1	927360	7
1	931552	7
1	931552	7
1	931552	7
1	704112	2
1	756216	4
1	704112	2
1	756400	4
1	935936	7
1	940032	7
1	935936	7
1	944128	7
1	956416	7
1	964608	7
1	968704	7
1	972800	7
1	976896	7
1	980992	7
1	985088	7
1	995968	8
1	944128	7
1	1000064	8
1	1004160	8
1	1008256	8
1	1012352	8
1	1016448	8
1	704112	2
1	756584	4
1	1024640	8
1	1028736	8
1	1034240	8
1	1038336	8
1	1049216	9
1	1053312	9
1	1057408	9
1	1061504	9
1	1065600	9
1	1069976	9
1	1074072	9
1	704112	2
1	756768	4
1	1078168	9
1	1082264	9
1	1049216	9
1	704112	2
1	756952	4
1	1086360	9
1	944128	7
1	1090456	9
1	1106840	9
1	944128	7
1	1110936	9
1	944128	7
1	1135512	9
1	1139608	9
1	1143704	9
1	1147800	9
1	1151896	9
1	1155992	9
1	1160088	9
1	1164184	9
1	1168280	9
1	1172376	9
1	1176472	9
1	897096	6
1	901192	6
1	704112	2
1	757136	4
1	905288	6
1	909384	6
1	913480	6
1	917576	6
1	923264	7
1	927360	7
1	704112	2
1	757320	4
1	931552	7
1	935936	7
1	940032	7
1	944128	7
1	704112	2
1	921672	5
1	956416	7
1	704112	2
1	921856	5
1	964608	7
1	968704	7
1	972800	7
1	976896	7
1	980992	7
1	985088	7
1	995968	8
1	1000064	8
1	901192	6
1	905288	6
1	704112	2
1	909384	5
1	704112	2
1	909568	5
1	909752	6
1	913848	6
1	923264	8
1	927360	8
1	931552	8
1	935936	8
1	704112	2
1	917944	5
1	940032	8
1	944128	8
1	956416	8
1	964608	8
1	968704	8
1	704112	2
1	918128	5
1	972800	8
1	976896	8
1	980992	8
1	985088	8
1	704112	2
1	918312	5
1	995968	9
1	1004160	9
1	1008256	9
1	1012352	9
1	1016448	9
1	1024640	9
1	1028736	9
1	909752	6
1	913848	6
1	923264	8
1	704112	2
1	918496	5
1	927360	8
1	931552	8
1	935936	8
1	940032	8
1	944128	8
1	923264	8
1	927360	8
1	931552	8
1	935936	8
1	940032	8
1	927360	8
1	931552	8
1	935936	8
1	704112	2
1	918680	5
1	704112	2
1	918864	5
1	704112	2
1	919048	5
1	940032	8
1	704112	2
1	919232	5
1	704112	2
1	919416	5
1	944128	8
1	956416	8
1	964608	8
1	968704	8
1	972800	8
1	976896	8
1	980992	8
1	985088	8
1	995968	9
1	1004160	9
1	704112	2
1	919600	5
1	1008256	9
1	1012352	9
1	1016448	9
1	1024640	9
1	1032832	9
1	1036928	9
1	935936	8
1	704112	2
1	919784	5
1	940032	8
1	944128	8
1	940032	8
1	944128	8
1	956416	8
1	964608	8
1	968704	8
1	972800	8
1	976896	8
1	944128	8
1	956416	8
1	964608	8
1	968704	8
1	972800	8
1	976896	8
1	968704	8
1	972800	8
1	976896	8
1	980992	8
1	972800	8
1	976896	8
1	704112	2
1	919968	5
1	980992	8
1	704112	2
1	920152	5
1	985088	8
1	995968	9
1	1004160	9
1	1008256	9
1	1012352	9
1	1016448	9
1	1024640	9
1	1032832	9
1	1041024	9
1	1049216	9
1	1053312	9
1	1057408	9
1	1061504	9
1	1065600	9
1	1069976	9
1	1074072	9
1	1078168	9
1	1082264	9
1	1086360	9
1	1090456	9
1	1106840	9
1	1110936	9
1	1135512	9
1	1139608	9
1	1143704	9
1	1149208	9
1	1153304	9
1	1157400	9
1	1161496	9
1	1180568	10
1	1184664	10
1	972800	8
1	976896	8
1	985088	8
1	704112	2
1	920336	5
1	995968	9
1	1004160	9
1	1008256	9
1	1012352	9
1	1016448	9
1	1024640	9
1	1032832	9
1	1041024	9
1	1049216	9
1	995968	9
1	704112	2
1	920520	5
1	1004160	9
1	704112	2
1	920704	5
1	1008256	9
1	1012352	9
1	1016448	9
1	1024640	9
1	1032832	9
1	1004160	9
1	1008256	9
1	704112	2
1	920888	5
1	704112	2
1	921072	5
1	1012352	9
1	1016448	9
1	1024640	9
1	1041024	9
1	1049216	9
1	1008256	9
1	1012352	9
1	704112	2
1	921256	5
1	1016448	9
1	1024640	9
1	1041024	9
1	1049216	9
1	1012352	9
1	1016448	9
1	1024640	9
1	1016448	9
1	1024640	9
1	1041024	9
1	1053312	9
1	704112	2
1	921440	5
1	1057408	9
1	1061504	9
1	1065600	9
1	1069976	9
1	1074072	9
1	1078168	9
1	1082264	9
1	1086360	9
1	1090456	9
1	1106840	9
1	1024640	9
1	1041024	9
1	1041024	9
1	1053312	9
1	704112	2
1	922040	6
1	1057408	9
1	1061504	9
1	1041024	9
1	1053312	9
1	1057408	9
1	704112	2
1	922224	6
1	1061504	9
1	1065600	9
1	1069976	9
1	1074072	9
1	1078168	9
1	1082264	9
1	1086360	9
1	1090456	9
1	1110936	9
1	1135512	9
1	1061504	9
1	1065600	9
1	1069976	9
1	1074072	9
1	1078168	9
1	1082264	9
1	1065600	9
1	1069976	9
1	704112	2
1	922408	6
1	704112	2
1	922592	6
1	1074072	9
1	704112	2
1	922776	6
1	704112	2
1	989184	7
1	1082264	9
1	704112	2
1	989368	7
1	1086360	9
1	1090456	9
1	1110936	9
1	704112	2
1	989552	7
1	1135512	9
1	1139608	9
1	1143704	9
1	1147800	9
1	1151896	9
1	1155992	9
1	1160088	9
1	1164184	9
1	1180568	9
1	1164184	9
1	1188760	9
1	1192952	9
1	704112	2
1	989736	7
1	1197048	9
1	1201144	9
1	1206480	10
1	1210576	10
1	1214672	10
1	1218952	10
1	1223048	10
1	1227144	10
1	1231240	10
1	1235336	10
1	1239432	10
1	1243528	10
1	1069976	9
1	1074072	9
1	1082264	9
1	1086360	9
1	1090456	9
1	1110936	9
1	1135512	9
1	1139608	9
1	1082264	9
1	704112	2
1	989920	7
1	1086360	9
1	704112	2
1	990104	7
1	704112	2
1	990288	7
1	704112	2
1	990472	7
1	1090456	9
1	1110936	9
1	1135512	9
1	1143704	9
1	1147800	9
1	1151896	9
1	1155992	9
1	1160088	9
1	1164184	9
1	1180568	9
1	1188760	9
1	1192952	9
1	1197048	9
1	1201144	9
1	1206480	10
1	1210576	10
1	1214672	10
1	1218952	10
1	1223048	10
1	1227144	10
1	1231240	10
1	704112	2
1	990656	7
1	1235336	10
1	1247624	11
1	1251720	11
1	1247624	11
1	1256000	11
1	1260648	11
1	1264744	11
1	1268840	11
1	1272936	11
1	1256000	11
1	1277400	11
1	1281680	11
1	1281680	11
1	1281680	11
1	1289872	11
1	1281680	11
1	1281680	11
1	1281680	11
1	1293968	11
1	1281680	11
1	1298248	11
1	1302344	11
1	1281680	11
1	1281680	11
1	1306440	11
1	1310536	11
1	1306440	11
1	1314816	11
1	1318912	11
1	1323008	11
1	1327104	11
1	1331200	11
1	1335480	11
1	1339576	11
1	1343672	11
1	1347768	11
1	1351864	11
1	1086360	9
1	1090456	9
1	1110936	9
1	704112	2
1	990840	7
1	1135512	9
1	1143704	9
1	1147800	9
1	1151896	9
1	1155992	9
1	1160088	9
1	1164184	9
1	1180568	9
1	1188760	9
1	1192952	9
1	1090456	9
1	1110936	9
1	1135512	9
1	1143704	9
1	1147800	9
1	704112	2
1	991024	7
1	704112	2
1	991208	7
1	1151896	8
1	1155992	9
1	704112	2
1	991392	7
1	704112	2
1	991576	7
1	1160088	9
1	704112	2
1	1164184	8
1	1180568	10
1	704112	2
1	1164368	8
1	1188760	10
1	1192952	10
1	1197048	10
1	1201144	10
1	1206480	11
1	1210576	11
1	1214672	11
1	1218952	11
1	1135512	9
1	1143704	9
1	1147800	9
1	1151896	9
1	1155992	9
1	1160088	9
1	1180568	10
1	1188760	10
1	1192952	10
1	1197048	10
1	1201144	10
1	1143704	9
1	1147800	9
1	704112	2
1	1151896	8
1	704112	2
1	1152080	8
1	704112	2
1	1152264	8
1	704112	2
1	1152448	8
1	1152632	9
1	1156728	9
1	1180568	11
1	1188760	11
1	1192952	11
1	1197048	11
1	1206480	12
1	1210576	12
1	1214672	12
1	1223048	12
1	1227144	12
1	1231240	12
1	1235336	12
1	1239432	12
1	1247624	12
1	1251720	12
1	1256000	12
1	1147800	9
1	1152632	9
1	1156728	9
1	1180568	11
1	1188760	11
1	1192952	11
1	1197048	11
1	1206480	12
1	1210576	12
1	1214672	12
1	1223048	12
1	1227144	12
1	1231240	12
1	1235336	12
1	1156728	9
1	704112	2
1	1160824	8
1	1180568	11
1	704112	2
1	1161008	8
1	704112	2
1	1161192	8
1	704112	2
1	1161376	8
1	704112	2
1	1161560	8
1	1188760	11
1	1192952	11
1	1197048	11
1	704112	2
1	1161744	8
1	1206480	12
1	1210576	12
1	1214672	12
1	1223048	12
1	1227144	12
1	1180568	11
1	1188760	11
1	1192952	11
1	1197048	11
1	1206480	12
1	1210576	12
1	1214672	12
1	1223048	12
1	1231240	12
1	1239432	12
1	1247624	12
1	1251720	12
1	1260648	12
1	1264744	12
1	1268840	12
1	1272936	12
1	1277400	12
1	1281680	12
1	1289872	12
1	1293968	12
1	1298248	12
1	1180568	11
1	1188760	11
1	1192952	11
1	704112	2
1	1161928	8
1	704112	2
1	1162112	8
1	1197048	11
1	1206480	12
1	1210576	12
1	1214672	12
1	1223048	12
1	704112	2
1	1162296	8
1	1231240	12
1	1239432	12
1	1247624	12
1	1251720	12
1	1260648	12
1	1264744	12
1	1268840	12
1	1272936	12
1	1277400	12
1	1281680	12
1	704112	2
1	1162480	8
1	1289872	11
1	1293968	11
1	704112	2
1	1162664	8
1	1302344	12
1	1306440	12
1	1310536	12
1	1314816	12
1	1318912	12
1	1323008	12
1	1327104	12
1	1331200	12
1	704112	2
1	1162848	8
1	1335480	12
1	1339576	12
1	1355960	13
1	1360056	13
1	1364152	13
1	1368432	13
1	1372712	13
1	1376808	13
1	704112	2
1	1163032	8
1	1380904	13
1	1385000	13
1	1389096	13
1	1393192	13
1	1385000	13
1	704112	2
1	1163216	8
1	704112	2
1	1163400	8
1	704112	2
1	1163584	8
1	1397288	13
1	1401384	13
1	1434152	13
1	1434152	13
1	1438248	13
1	1442344	13
1	1446440	13
1	1450536	13
1	1454632	13
1	1450536	13
1	1458728	13
1	1450536	13
1	1442344	13
1	1462824	13
1	1466920	13
1	1471016	13
1	1475112	13
1	1479392	13
1	1471016	13
1	1483488	13
1	1487584	13
1	1498464	13
1	704112	2
1	1163768	8
1	704112	2
1	1163952	8
1	1502560	13
1	1506656	13
1	1510752	13
1	1506656	13
1	1514848	13
1	1518944	13
1	1506656	13
1	1506656	13
1	1523040	13
1	1527136	13
1	704112	2
1	1164552	9
1	1531232	13
1	1535328	13
1	1506656	13
1	1539424	13
1	1543520	13
1	1547616	13
1	1539424	13
1	1551712	13
1	1555808	13
1	1559904	13
1	1564000	13
1	1568096	13
1	1572192	13
1	1576288	13
1	1580384	13
1	1584480	13
1	1588576	13
1	1592672	13
1	1596768	13
1	1600864	13
1	1604960	13
1	1609056	13
1	1613152	13
1	1617248	13
1	1621344	13
1	1625440	13
1	1629536	13
1	1633632	13
1	1637728	13
1	1641824	13
1	1645920	13
1	1650016	13
1	1654112	13
1	1197048	11
1	704112	2
1	1164736	9
1	1206480	12
1	704112	2
1	1164920	9
1	704112	2
1	1165104	9
1	704112	2
1	1165288	9
1	704112	2
1	1165472	9
1	1210576	12
1	1214672	12
1	1223048	12
1	704112	2
1	1165656	9
1	704112	2
1	1165840	9
1	1231240	12
1	704112	2
1	1166024	9
1	1239432	12
1	704112	2
1	1166208	9
1	1247624	12
1	1251720	12
1	1260648	12
1	1264744	12
1	1264744	12
1	1268840	12
1	1264744	12
1	1272936	12
1	1277400	12
1	1281680	12
1	1289872	12
1	1293968	12
1	1302344	12
1	1306440	12
1	1310536	12
1	1314816	12
1	1318912	12
1	1323008	12
1	1327104	12
1	704112	2
1	1166392	9
1	1331200	12
1	1335480	12
1	1339576	12
1	1339576	12
1	1343672	12
1	1355960	12
1	1360056	12
1	1364152	12
1	1368432	12
1	1206480	12
1	1210576	12
1	1214672	12
1	704112	2
1	1166576	9
1	1223048	12
1	1231240	12
1	1247624	12
1	1251720	12
1	1260648	12
1	1264744	12
1	1268840	12
1	1272936	12
1	1277400	12
1	1281680	12
1	1289872	12
1	1293968	12
1	1302344	12
1	1306440	12
1	1310536	12
1	1314816	12
1	1318912	12
1	1323008	12
1	1327104	12
1	1210576	12
1	1214672	12
1	1223048	12
1	1231240	12
1	1247624	12
1	1251720	12
1	1260648	12
1	1264744	12
1	1268840	12
1	1272936	12
1	1277400	12
1	1281680	12
1	704112	2
1	1166760	9
1	1289872	12
1	1293968	12
1	1302344	12
1	1306440	12
1	1310536	12
1	1314816	12
1	1223048	12
1	1231240	12
1	1247624	12
1	1251720	12
1	1260648	12
1	704112	2
1	1166944	9
1	1264744	12
1	1268840	12
1	1247624	12
1	1251720	12
1	704112	2
1	1167128	9
1	1260648	12
1	1264744	12
1	1268840	12
1	1272936	12
1	1277400	12
1	1251720	12
1	1260648	12
1	1264744	12
1	704112	2
1	1167312	9
1	1268840	12
1	1272936	12
1	1277400	12
1	1281680	12
1	1289872	12
1	1260648	12
1	1264744	12
1	704112	2
1	1167496	9
1	1268840	12
1	1272936	12
1	1277400	12
1	1281680	12
1	1289872	12
1	1293968	12
1	1302344	12
1	1268840	12
1	1272936	12
1	1277400	12
1	704112	2
1	1167680	9
1	1281680	12
1	1289872	12
1	1293968	12
1	1302344	12
1	1306440	12
1	1277400	12
1	1281680	12
1	1289872	12
1	1293968	12
1	1289872	12
1	1293968	12
1	1302344	12
1	1306440	12
1	1310536	12
1	1318912	12
1	1323008	12
1	1289872	12
1	704112	2
1	1167864	9
1	704112	2
1	1168048	9
1	1293968	12
1	1302344	12
1	1306440	12
1	1310536	12
1	1318912	12
1	1331200	12
1	1335480	12
1	1339576	12
1	1343672	12
1	1293968	12
1	1302344	12
1	1306440	12
1	704112	2
1	1205240	10
1	1310536	12
1	1318912	12
1	1331200	12
1	1306440	12
1	1310536	12
1	1318912	12
1	1331200	12
1	1335480	12
1	1339576	12
1	1310536	12
1	1318912	12
1	1331200	12
1	1335480	12
1	1339576	12
1	1343672	12
1	1355960	12
1	1360056	12
1	1364152	12
1	1368432	12
1	1372712	12
1	1376808	12
1	1380904	12
1	1331200	12
1	1335480	12
1	1339576	12
1	1343672	12
1	1355960	12
1	1360056	12
1	1335480	12
1	1339576	12
1	1343672	12
1	1355960	12
1	1360056	12
1	1355960	12
1	704112	2
1	1205424	10
1	1360056	12
1	1364152	12
1	1355960	12
1	704112	2
1	1205608	10
1	1360056	12
1	1364152	12
1	1368432	12
1	1372712	12
1	1376808	12
1	1380904	12
1	1385000	12
1	1389096	12
1	1393192	12
1	1397288	12
1	1401384	12
1	1434152	12
1	1438248	12
1	1360056	12
1	1364152	12
1	1368432	12
1	1372712	12
1	1364152	12
1	1368432	12
1	1372712	12
1	704112	2
1	1205792	10
1	704112	2
1	1205976	10
1	1376808	11
1	1380904	12
1	1385000	12
1	1389096	12
1	704112	2
1	1393192	11
1	1393376	12
1	1397472	12
1	1434152	13
1	1372712	12
1	704112	2
1	1376808	11
1	1376992	12
1	1381088	12
1	1385184	12
1	1393376	13
1	1397472	13
1	1434152	14
1	1376992	12
1	1381088	12
1	1385184	12
1	1393376	13
1	1397472	13
1	1434152	14
1	1442344	14
1	1446440	14
1	1450536	14
1	1454632	14
1	1458728	14
1	1462824	14
1	1466920	14
1	1471016	14
1	1385184	12
1	1393376	13
1	1397472	13
1	1434152	14
1	1442344	14
1	1446440	14
1	1450536	14
1	1454632	14
1	1458728	14
1	1462824	14
1	1466920	14
1	704112	2
1	1389280	11
1	704112	2
1	1389464	11
1	1471016	13
1	1475112	14
1	1479392	14
1	1483488	14
1	1487584	14
1	1491680	14
1	1495776	14
1	1499872	14
1	1503968	14
1	1508064	14
1	1512160	14
1	1516256	14
1	1520352	14
1	1524448	14
1	1528544	14
1	1532640	14
1	1536736	14
1	1540832	14
1	1544928	14
1	1549024	14
1	1553120	14
1	1393376	13
1	1397472	13
1	1434152	14
1	1442344	14
1	1446440	14
1	1450536	14
1	1446440	14
1	1454632	14
1	1454632	14
1	1458728	14
1	1462824	14
1	1458728	14
1	1466920	14
1	1458728	14
1	1471016	14
1	1458728	14
1	1458728	14
1	1458728	14
1	1475112	14
1	1479392	14
1	1483488	14
1	1458728	14
1	1487584	14
1	1458728	14
1	1491680	14
1	1495776	14
1	1499872	14
1	1503968	14
1	1508064	14
1	1512160	14
1	1516256	14
1	1434152	14
1	1442344	14
1	1446440	14
1	1450536	14
1	1454632	14
1	1458728	14
1	1434152	14
1	1442344	14
1	1446440	14
1	1450536	14
1	1454632	14
1	1458728	14
1	1462824	14
1	1466920	14
1	1471016	14
1	1475112	14
1	1479392	14
1	1479392	14
1	1483488	14
1	1487584	14
1	1491680	14
1	1495776	14
1	1499872	14
1	1503968	14
1	1508064	14
1	1512160	14
1	1446440	14
1	1450536	14
1	1454632	14
1	704112	2
1	1389648	11
1	1458728	14
1	1462824	14
1	1466920	14
1	1471016	14
1	1450536	14
1	1454632	14
1	1458728	14
1	1462824	14
1	1466920	14
1	1475112	14
1	1479392	14
1	1483488	14
1	1454632	14
1	1458728	14
1	1462824	14
1	1466920	14
1	1458728	14
1	1462824	14
1	1466920	14
1	1475112	14
1	1479392	14
1	1483488	14
1	1487584	14
1	1466920	14
1	1475112	14
1	1479392	14
1	1479392	14
1	1483488	14
1	704112	2
1	1389832	11
1	1487584	14
1	1491680	14
1	1483488	14
1	704112	2
1	1390016	11
1	1487584	14
1	1495776	14
1	1487584	14
1	1495776	14
1	704112	2
1	1390200	11
1	704112	2
1	1390384	11
1	1499872	14
1	704112	2
1	1390568	11
1	704112	2
1	1390752	11
1	704112	2
1	1390936	11
1	1503968	13
1	1508064	14
1	1512160	14
1	1520352	14
1	1524448	14
1	1495776	14
1	1499872	14
1	704112	2
1	1391120	11
1	704112	2
1	1391304	11
1	1503968	14
1	1499872	14
1	1503968	14
1	1508064	14
1	1512160	14
